  [1m[36m (1.3ms)[0m  [1mCREATE TABLE "schema_migrations" ("version" varchar(255) NOT NULL) [0m
  [1m[35m (0.6ms)[0m  select sqlite_version(*)
  [1m[36m (1.9ms)[0m  [1mCREATE UNIQUE INDEX "unique_schema_migrations" ON "schema_migrations" ("version")[0m
  [1m[35mActiveRecord::SchemaMigration Load (0.1ms)[0m  SELECT "schema_migrations".* FROM "schema_migrations"
Migrating to CreatePosts (20150909124933)
  [1m[36m (0.1ms)[0m  [1mbegin transaction[0m
  [1m[35m (0.5ms)[0m  CREATE TABLE "posts" ("id" INTEGER PRIMARY KEY AUTOINCREMENT NOT NULL, "title" varchar(255), "body" text, "created_at" datetime, "updated_at" datetime) 
  [1m[36mSQL (0.2ms)[0m  [1mINSERT INTO "schema_migrations" ("version") VALUES (?)[0m  [["version", "20150909124933"]]
  [1m[35m (0.9ms)[0m  commit transaction
  [1m[36mActiveRecord::SchemaMigration Load (0.1ms)[0m  [1mSELECT "schema_migrations".* FROM "schema_migrations"[0m


Started GET "/" for 127.0.0.1 at 2015-09-09 13:53:22 +0100
  [1m[36mActiveRecord::SchemaMigration Load (0.7ms)[0m  [1mSELECT "schema_migrations".* FROM "schema_migrations"[0m
Processing by WelcomeController#index as HTML
  Rendered welcome/index.html.haml within layouts/application (2.9ms)
Completed 200 OK in 2180ms (Views: 2166.1ms | ActiveRecord: 0.0ms)


Started GET "/assets/posts.css?body=1" for 127.0.0.1 at 2015-09-09 13:53:25 +0100


Started GET "/assets/scaffolds.css?body=1" for 127.0.0.1 at 2015-09-09 13:53:25 +0100


Started GET "/assets/posts.js?body=1" for 127.0.0.1 at 2015-09-09 13:53:25 +0100


Started GET "/assets/application.css?body=1" for 127.0.0.1 at 2015-09-09 13:53:25 +0100


Started GET "/assets/jquery.js?body=1" for 127.0.0.1 at 2015-09-09 13:53:25 +0100


Started GET "/assets/turbolinks.js?body=1" for 127.0.0.1 at 2015-09-09 13:53:25 +0100


Started GET "/assets/jquery_ujs.js?body=1" for 127.0.0.1 at 2015-09-09 13:53:25 +0100


Started GET "/assets/application.js?body=1" for 127.0.0.1 at 2015-09-09 13:53:25 +0100


Started GET "/" for 127.0.0.1 at 2015-09-09 13:55:46 +0100
Processing by WelcomeController#index as HTML
  Rendered welcome/index.html.haml within layouts/application (2.7ms)
Completed 200 OK in 355ms (Views: 340.3ms | ActiveRecord: 0.0ms)


Started GET "/assets/posts.css?body=1" for 127.0.0.1 at 2015-09-09 13:55:48 +0100


Started GET "/assets/scaffolds.css?body=1" for 127.0.0.1 at 2015-09-09 13:55:48 +0100


Started GET "/assets/application.css?body=1" for 127.0.0.1 at 2015-09-09 13:55:48 +0100


Started GET "/assets/application.js?body=1" for 127.0.0.1 at 2015-09-09 13:55:48 +0100


Started GET "/assets/jquery_ujs.js?body=1" for 127.0.0.1 at 2015-09-09 13:55:48 +0100


Started GET "/assets/jquery.js?body=1" for 127.0.0.1 at 2015-09-09 13:55:48 +0100


Started GET "/assets/turbolinks.js?body=1" for 127.0.0.1 at 2015-09-09 13:55:48 +0100


Started GET "/assets/posts.js?body=1" for 127.0.0.1 at 2015-09-09 13:55:48 +0100
  [1m[36mActiveRecord::SchemaMigration Load (1.0ms)[0m  [1mSELECT "schema_migrations".* FROM "schema_migrations"[0m
  [1m[35mActiveRecord::SchemaMigration Load (0.0ms)[0m  SELECT "schema_migrations".* FROM "schema_migrations"
  [1m[36mActiveRecord::SchemaMigration Load (0.0ms)[0m  [1mSELECT "schema_migrations".* FROM "schema_migrations"[0m
Migrating to CreateComments (20150915102936)
  [1m[35m (0.0ms)[0m  begin transaction
  [1m[36m (0.0ms)[0m  [1mrollback transaction[0m


Started GET "/" for 127.0.0.1 at 2015-09-15 11:41:52 +0100
  [1m[36mActiveRecord::SchemaMigration Load (0.0ms)[0m  [1mSELECT "schema_migrations".* FROM "schema_migrations"[0m

ActiveRecord::PendingMigrationError (

Migrations are pending. To resolve this issue, run:

	bin/rake db:migrate RAILS_ENV=development

):
  activerecord (4.1.9) lib/active_record/migration.rb:389:in `check_pending!'
  activerecord (4.1.9) lib/active_record/migration.rb:377:in `call'
  actionpack (4.1.9) lib/action_dispatch/middleware/callbacks.rb:29:in `block in call'
  activesupport (4.1.9) lib/active_support/callbacks.rb:82:in `run_callbacks'
  actionpack (4.1.9) lib/action_dispatch/middleware/callbacks.rb:27:in `call'
  actionpack (4.1.9) lib/action_dispatch/middleware/reloader.rb:73:in `call'
  actionpack (4.1.9) lib/action_dispatch/middleware/remote_ip.rb:76:in `call'
  actionpack (4.1.9) lib/action_dispatch/middleware/debug_exceptions.rb:17:in `call'
  actionpack (4.1.9) lib/action_dispatch/middleware/show_exceptions.rb:30:in `call'
  railties (4.1.9) lib/rails/rack/logger.rb:38:in `call_app'
  railties (4.1.9) lib/rails/rack/logger.rb:20:in `block in call'
  activesupport (4.1.9) lib/active_support/tagged_logging.rb:68:in `block in tagged'
  activesupport (4.1.9) lib/active_support/tagged_logging.rb:26:in `tagged'
  activesupport (4.1.9) lib/active_support/tagged_logging.rb:68:in `tagged'
  railties (4.1.9) lib/rails/rack/logger.rb:20:in `call'
  actionpack (4.1.9) lib/action_dispatch/middleware/request_id.rb:21:in `call'
  rack (1.5.5) lib/rack/methodoverride.rb:21:in `call'
  rack (1.5.5) lib/rack/runtime.rb:17:in `call'
  activesupport (4.1.9) lib/active_support/cache/strategy/local_cache_middleware.rb:26:in `call'
  rack (1.5.5) lib/rack/lock.rb:17:in `call'
  actionpack (4.1.9) lib/action_dispatch/middleware/static.rb:84:in `call'
  rack (1.5.5) lib/rack/sendfile.rb:112:in `call'
  railties (4.1.9) lib/rails/engine.rb:514:in `call'
  railties (4.1.9) lib/rails/application.rb:144:in `call'
  rack (1.5.5) lib/rack/lock.rb:17:in `call'
  rack (1.5.5) lib/rack/content_length.rb:14:in `call'
  rack (1.5.5) lib/rack/handler/webrick.rb:60:in `service'
  c:/RailsInstaller/Ruby2.1.0/lib/ruby/2.1.0/webrick/httpserver.rb:138:in `service'
  c:/RailsInstaller/Ruby2.1.0/lib/ruby/2.1.0/webrick/httpserver.rb:94:in `run'
  c:/RailsInstaller/Ruby2.1.0/lib/ruby/2.1.0/webrick/server.rb:295:in `block in start_thread'


  Rendered c:/RailsInstaller/Ruby2.1.0/lib/ruby/gems/2.1.0/gems/actionpack-4.1.9/lib/action_dispatch/middleware/templates/rescues/_source.erb (0.0ms)
  Rendered c:/RailsInstaller/Ruby2.1.0/lib/ruby/gems/2.1.0/gems/actionpack-4.1.9/lib/action_dispatch/middleware/templates/rescues/_trace.html.erb (2.0ms)
  Rendered c:/RailsInstaller/Ruby2.1.0/lib/ruby/gems/2.1.0/gems/actionpack-4.1.9/lib/action_dispatch/middleware/templates/rescues/_request_and_response.html.erb (1.0ms)
  Rendered c:/RailsInstaller/Ruby2.1.0/lib/ruby/gems/2.1.0/gems/actionpack-4.1.9/lib/action_dispatch/middleware/templates/rescues/diagnostics.erb within rescues/layout (79.1ms)
  [1m[36mActiveRecord::SchemaMigration Load (0.0ms)[0m  [1mSELECT "schema_migrations".* FROM "schema_migrations"[0m
Migrating to CreateComments (20150915102936)
  [1m[35m (0.0ms)[0m  begin transaction
  [1m[36m (0.0ms)[0m  [1mrollback transaction[0m
  [1m[36mActiveRecord::SchemaMigration Load (0.0ms)[0m  [1mSELECT "schema_migrations".* FROM "schema_migrations"[0m
Migrating to CreateComments (20150915102936)
  [1m[35m (0.0ms)[0m  begin transaction
  [1m[36m (2.0ms)[0m  [1mCREATE TABLE "comments" ("id" INTEGER PRIMARY KEY AUTOINCREMENT NOT NULL, "post_id" integer, "body" text, "created_at" datetime, "updated_at" datetime) [0m
  [1m[35mSQL (0.0ms)[0m  INSERT INTO "schema_migrations" ("version") VALUES (?)  [["version", "20150915102936"]]
  [1m[36m (10.1ms)[0m  [1mcommit transaction[0m
  [1m[35mActiveRecord::SchemaMigration Load (0.0ms)[0m  SELECT "schema_migrations".* FROM "schema_migrations"


Started GET "/" for 127.0.0.1 at 2015-09-15 11:45:49 +0100
  [1m[35mActiveRecord::SchemaMigration Load (0.5ms)[0m  SELECT "schema_migrations".* FROM "schema_migrations"
Processing by WelcomeController#index as HTML
  Rendered welcome/index.html.haml within layouts/application (9.5ms)
Completed 200 OK in 5007ms (Views: 4986.1ms | ActiveRecord: 0.0ms)


Started GET "/assets/comments.css?body=1" for 127.0.0.1 at 2015-09-15 11:45:54 +0100


Started GET "/assets/posts.css?body=1" for 127.0.0.1 at 2015-09-15 11:45:54 +0100


Started GET "/assets/scaffolds.css?body=1" for 127.0.0.1 at 2015-09-15 11:45:54 +0100


Started GET "/assets/application.css?body=1" for 127.0.0.1 at 2015-09-15 11:45:54 +0100


Started GET "/assets/jquery_ujs.js?body=1" for 127.0.0.1 at 2015-09-15 11:45:54 +0100


Started GET "/assets/turbolinks.js?body=1" for 127.0.0.1 at 2015-09-15 11:45:54 +0100


Started GET "/assets/comments.js?body=1" for 127.0.0.1 at 2015-09-15 11:45:54 +0100


Started GET "/assets/posts.js?body=1" for 127.0.0.1 at 2015-09-15 11:45:54 +0100


Started GET "/assets/application.js?body=1" for 127.0.0.1 at 2015-09-15 11:45:54 +0100


Started GET "/assets/jquery.js?body=1" for 127.0.0.1 at 2015-09-15 11:45:54 +0100


Started GET "/posts" for 127.0.0.1 at 2015-09-15 11:46:01 +0100
Processing by PostsController#index as HTML
  [1m[36mPost Load (1.0ms)[0m  [1mSELECT "posts".* FROM "posts"[0m
  Rendered posts/index.html.haml within layouts/application (8.0ms)
Completed 200 OK in 76ms (Views: 61.0ms | ActiveRecord: 1.0ms)


Started GET "/posts/1" for 127.0.0.1 at 2015-09-15 11:46:08 +0100
Processing by PostsController#show as HTML
  Parameters: {"id"=>"1"}
  [1m[35mPost Load (1.0ms)[0m  SELECT  "posts".* FROM "posts"  WHERE "posts"."id" = ? LIMIT 1  [["id", 1]]
  [1m[36mComment Load (0.0ms)[0m  [1mSELECT "comments".* FROM "comments"  WHERE "comments"."post_id" = ?[0m  [["post_id", 1]]
  Rendered collection (0.0ms)
  Rendered posts/show.html.erb within layouts/application (96.1ms)
Completed 200 OK in 155ms (Views: 151.1ms | ActiveRecord: 2.0ms)


Started POST "/posts/1/comments" for 127.0.0.1 at 2015-09-15 11:46:11 +0100
Processing by CommentsController#create as HTML
  Parameters: {"utf8"=>"✓", "authenticity_token"=>"683YJ1pX4ggChj2M5HJBrMlAfyUe6ctHG0/BcmX6O/I=", "comment"=>{"body"=>""}, "commit"=>"Add comment", "post_id"=>"1"}
  [1m[35mPost Load (0.0ms)[0m  SELECT  "posts".* FROM "posts"  WHERE "posts"."id" = ? LIMIT 1  [["id", 1]]
Redirected to http://localhost:3000/posts/1
Completed 302 Found in 4ms (ActiveRecord: 0.0ms)


Started GET "/posts/1" for 127.0.0.1 at 2015-09-15 11:46:11 +0100
Processing by PostsController#show as HTML
  Parameters: {"id"=>"1"}
  [1m[36mPost Load (0.0ms)[0m  [1mSELECT  "posts".* FROM "posts"  WHERE "posts"."id" = ? LIMIT 1[0m  [["id", 1]]
  [1m[35mComment Load (0.0ms)[0m  SELECT "comments".* FROM "comments"  WHERE "comments"."post_id" = ?  [["post_id", 1]]
  Rendered collection (0.0ms)
  Rendered posts/show.html.erb within layouts/application (4.0ms)
Completed 200 OK in 66ms (Views: 63.0ms | ActiveRecord: 0.0ms)


Started GET "/assets/posts.css?body=1" for 127.0.0.1 at 2015-09-15 11:46:11 +0100


Started GET "/assets/jquery.js?body=1" for 127.0.0.1 at 2015-09-15 11:46:11 +0100


Started GET "/assets/scaffolds.css?body=1" for 127.0.0.1 at 2015-09-15 11:46:11 +0100


Started GET "/assets/jquery_ujs.js?body=1" for 127.0.0.1 at 2015-09-15 11:46:11 +0100


Started GET "/assets/application.css?body=1" for 127.0.0.1 at 2015-09-15 11:46:11 +0100


Started GET "/assets/comments.css?body=1" for 127.0.0.1 at 2015-09-15 11:46:11 +0100


Started GET "/assets/turbolinks.js?body=1" for 127.0.0.1 at 2015-09-15 11:46:11 +0100


Started GET "/assets/comments.js?body=1" for 127.0.0.1 at 2015-09-15 11:46:11 +0100


Started GET "/assets/posts.js?body=1" for 127.0.0.1 at 2015-09-15 11:46:11 +0100


Started GET "/assets/application.js?body=1" for 127.0.0.1 at 2015-09-15 11:46:11 +0100


Started GET "/posts" for 127.0.0.1 at 2015-09-15 11:46:17 +0100
Processing by PostsController#index as HTML
  [1m[36mPost Load (1.0ms)[0m  [1mSELECT "posts".* FROM "posts"[0m
  Rendered posts/index.html.haml within layouts/application (3.0ms)
Completed 200 OK in 65ms (Views: 63.0ms | ActiveRecord: 1.0ms)


Started GET "/posts/1" for 127.0.0.1 at 2015-09-15 11:46:19 +0100
Processing by PostsController#show as HTML
  Parameters: {"id"=>"1"}
  [1m[35mPost Load (0.0ms)[0m  SELECT  "posts".* FROM "posts"  WHERE "posts"."id" = ? LIMIT 1  [["id", 1]]
  [1m[36mComment Load (0.0ms)[0m  [1mSELECT "comments".* FROM "comments"  WHERE "comments"."post_id" = ?[0m  [["post_id", 1]]
  Rendered collection (0.0ms)
  Rendered posts/show.html.erb within layouts/application (4.0ms)
Completed 200 OK in 62ms (Views: 60.0ms | ActiveRecord: 0.0ms)


Started POST "/posts/1/comments" for 127.0.0.1 at 2015-09-15 11:46:32 +0100
Processing by CommentsController#create as HTML
  Parameters: {"utf8"=>"✓", "authenticity_token"=>"683YJ1pX4ggChj2M5HJBrMlAfyUe6ctHG0/BcmX6O/I=", "comment"=>{"body"=>"test 1"}, "commit"=>"Add comment", "post_id"=>"1"}
  [1m[35mPost Load (0.0ms)[0m  SELECT  "posts".* FROM "posts"  WHERE "posts"."id" = ? LIMIT 1  [["id", 1]]
Redirected to http://localhost:3000/posts/1
Completed 302 Found in 3ms (ActiveRecord: 0.0ms)


Started GET "/posts/1" for 127.0.0.1 at 2015-09-15 11:46:32 +0100
Processing by PostsController#show as HTML
  Parameters: {"id"=>"1"}
  [1m[36mPost Load (0.0ms)[0m  [1mSELECT  "posts".* FROM "posts"  WHERE "posts"."id" = ? LIMIT 1[0m  [["id", 1]]
  [1m[35mComment Load (0.0ms)[0m  SELECT "comments".* FROM "comments"  WHERE "comments"."post_id" = ?  [["post_id", 1]]
  Rendered collection (0.0ms)
  Rendered posts/show.html.erb within layouts/application (3.0ms)
Completed 200 OK in 69ms (Views: 68.0ms | ActiveRecord: 0.0ms)


Started GET "/assets/scaffolds.css?body=1" for 127.0.0.1 at 2015-09-15 11:46:32 +0100


Started GET "/assets/jquery.js?body=1" for 127.0.0.1 at 2015-09-15 11:46:32 +0100


Started GET "/assets/posts.css?body=1" for 127.0.0.1 at 2015-09-15 11:46:32 +0100


Started GET "/assets/application.css?body=1" for 127.0.0.1 at 2015-09-15 11:46:32 +0100


Started GET "/assets/jquery_ujs.js?body=1" for 127.0.0.1 at 2015-09-15 11:46:32 +0100


Started GET "/assets/comments.css?body=1" for 127.0.0.1 at 2015-09-15 11:46:32 +0100


Started GET "/assets/turbolinks.js?body=1" for 127.0.0.1 at 2015-09-15 11:46:32 +0100


Started GET "/assets/comments.js?body=1" for 127.0.0.1 at 2015-09-15 11:46:32 +0100


Started GET "/assets/posts.js?body=1" for 127.0.0.1 at 2015-09-15 11:46:32 +0100


Started GET "/assets/application.js?body=1" for 127.0.0.1 at 2015-09-15 11:46:32 +0100


Started GET "/posts" for 127.0.0.1 at 2015-09-15 11:46:37 +0100
Processing by PostsController#index as HTML
  [1m[36mPost Load (1.0ms)[0m  [1mSELECT "posts".* FROM "posts"[0m
  Rendered posts/index.html.haml within layouts/application (3.0ms)
Completed 200 OK in 60ms (Views: 57.0ms | ActiveRecord: 1.0ms)


Started GET "/posts/1" for 127.0.0.1 at 2015-09-15 11:46:38 +0100
Processing by PostsController#show as HTML
  Parameters: {"id"=>"1"}
  [1m[35mPost Load (1.0ms)[0m  SELECT  "posts".* FROM "posts"  WHERE "posts"."id" = ? LIMIT 1  [["id", 1]]
  [1m[36mComment Load (0.0ms)[0m  [1mSELECT "comments".* FROM "comments"  WHERE "comments"."post_id" = ?[0m  [["post_id", 1]]
  Rendered collection (0.0ms)
  Rendered posts/show.html.erb within layouts/application (4.0ms)
Completed 200 OK in 66ms (Views: 63.1ms | ActiveRecord: 1.0ms)


Started GET "/posts" for 127.0.0.1 at 2015-09-15 11:46:40 +0100
Processing by PostsController#index as HTML
  [1m[35mPost Load (0.5ms)[0m  SELECT "posts".* FROM "posts"
  Rendered posts/index.html.haml within layouts/application (1.5ms)
Completed 200 OK in 60ms (Views: 58.1ms | ActiveRecord: 0.5ms)


Started GET "/posts" for 127.0.0.1 at 2015-09-15 11:49:43 +0100
Processing by PostsController#index as HTML
  [1m[36mPost Load (0.0ms)[0m  [1mSELECT "posts".* FROM "posts"[0m
  Rendered posts/index.html.haml within layouts/application (7.0ms)
Completed 200 OK in 86ms (Views: 85.1ms | ActiveRecord: 0.0ms)


Started GET "/assets/application.css?body=1" for 127.0.0.1 at 2015-09-15 11:49:43 +0100


Started GET "/assets/jquery_ujs.js?body=1" for 127.0.0.1 at 2015-09-15 11:49:43 +0100


Started GET "/assets/posts.css?body=1" for 127.0.0.1 at 2015-09-15 11:49:43 +0100


Started GET "/assets/scaffolds.css?body=1" for 127.0.0.1 at 2015-09-15 11:49:43 +0100


Started GET "/assets/jquery.js?body=1" for 127.0.0.1 at 2015-09-15 11:49:43 +0100


Started GET "/assets/comments.css?body=1" for 127.0.0.1 at 2015-09-15 11:49:43 +0100


Started GET "/assets/turbolinks.js?body=1" for 127.0.0.1 at 2015-09-15 11:49:43 +0100


Started GET "/assets/comments.js?body=1" for 127.0.0.1 at 2015-09-15 11:49:43 +0100


Started GET "/assets/application.js?body=1" for 127.0.0.1 at 2015-09-15 11:49:43 +0100


Started GET "/assets/posts.js?body=1" for 127.0.0.1 at 2015-09-15 11:49:43 +0100


Started GET "/" for 127.0.0.1 at 2015-09-15 11:49:45 +0100
Processing by WelcomeController#index as HTML
  Rendered welcome/index.html.haml within layouts/application (3.0ms)
Completed 200 OK in 58ms (Views: 58.1ms | ActiveRecord: 0.0ms)


Started GET "/users/sign_up" for 127.0.0.1 at 2015-09-15 11:49:51 +0100
Processing by Devise::RegistrationsController#new as HTML
  Rendered c:/RailsInstaller/Ruby2.1.0/lib/ruby/gems/2.1.0/gems/devise-3.5.2/app/views/devise/shared/_links.html.erb (1.0ms)
  Rendered c:/RailsInstaller/Ruby2.1.0/lib/ruby/gems/2.1.0/gems/devise-3.5.2/app/views/devise/registrations/new.html.erb within layouts/application (51.1ms)
Completed 200 OK in 118ms (Views: 115.1ms | ActiveRecord: 1.0ms)


Started POST "/users" for 127.0.0.1 at 2015-09-15 11:50:09 +0100
Processing by Devise::RegistrationsController#create as HTML
  Parameters: {"utf8"=>"✓", "authenticity_token"=>"683YJ1pX4ggChj2M5HJBrMlAfyUe6ctHG0/BcmX6O/I=", "user"=>{"email"=>"test@test.com", "password"=>"[FILTERED]", "password_confirmation"=>"[FILTERED]"}, "commit"=>"Sign up"}
  [1m[35m (0.0ms)[0m  begin transaction
  [1m[36mUser Exists (1.0ms)[0m  [1mSELECT  1 AS one FROM "users"  WHERE "users"."email" = 'test@test.com' LIMIT 1[0m
Binary data inserted for `string` type on column `encrypted_password`
  [1m[35mSQL (0.0ms)[0m  INSERT INTO "users" ("created_at", "email", "encrypted_password", "updated_at") VALUES (?, ?, ?, ?)  [["created_at", "2015-09-15 10:50:09.873664"], ["email", "test@test.com"], ["encrypted_password", "$2a$10$nKYf3fS1nVmfdvPI9JEDuumfR.eJkBG3C5zlXgxkxptCmhWd9maRq"], ["updated_at", "2015-09-15 10:50:09.873664"]]
  [1m[36m (9.0ms)[0m  [1mcommit transaction[0m
  [1m[35m (0.0ms)[0m  begin transaction
Binary data inserted for `string` type on column `current_sign_in_ip`
Binary data inserted for `string` type on column `last_sign_in_ip`
  [1m[36mSQL (1.0ms)[0m  [1mUPDATE "users" SET "current_sign_in_at" = ?, "current_sign_in_ip" = ?, "last_sign_in_at" = ?, "last_sign_in_ip" = ?, "sign_in_count" = ?, "updated_at" = ? WHERE "users"."id" = 2[0m  [["current_sign_in_at", "2015-09-15 10:50:09.886664"], ["current_sign_in_ip", "127.0.0.1"], ["last_sign_in_at", "2015-09-15 10:50:09.886664"], ["last_sign_in_ip", "127.0.0.1"], ["sign_in_count", 1], ["updated_at", "2015-09-15 10:50:09.887664"]]
  [1m[35m (7.0ms)[0m  commit transaction
Redirected to http://localhost:3000/
Completed 302 Found in 198ms (ActiveRecord: 18.0ms)


Started GET "/" for 127.0.0.1 at 2015-09-15 11:50:09 +0100
Processing by WelcomeController#index as HTML
  [1m[36mUser Load (0.0ms)[0m  [1mSELECT  "users".* FROM "users"  WHERE "users"."id" = 2  ORDER BY "users"."id" ASC LIMIT 1[0m
  Rendered welcome/index.html.haml within layouts/application (19.0ms)
Completed 200 OK in 78ms (Views: 78.1ms | ActiveRecord: 0.0ms)


Started GET "/assets/posts.css?body=1" for 127.0.0.1 at 2015-09-15 11:50:10 +0100


Started GET "/assets/jquery.js?body=1" for 127.0.0.1 at 2015-09-15 11:50:10 +0100


Started GET "/assets/application.css?body=1" for 127.0.0.1 at 2015-09-15 11:50:10 +0100


Started GET "/assets/jquery_ujs.js?body=1" for 127.0.0.1 at 2015-09-15 11:50:10 +0100


Started GET "/assets/scaffolds.css?body=1" for 127.0.0.1 at 2015-09-15 11:50:10 +0100


Started GET "/assets/comments.css?body=1" for 127.0.0.1 at 2015-09-15 11:50:10 +0100


Started GET "/assets/turbolinks.js?body=1" for 127.0.0.1 at 2015-09-15 11:50:10 +0100


Started GET "/assets/comments.js?body=1" for 127.0.0.1 at 2015-09-15 11:50:10 +0100


Started GET "/assets/application.js?body=1" for 127.0.0.1 at 2015-09-15 11:50:10 +0100


Started GET "/assets/posts.js?body=1" for 127.0.0.1 at 2015-09-15 11:50:10 +0100


Started GET "/posts" for 127.0.0.1 at 2015-09-15 11:50:17 +0100
Processing by PostsController#index as HTML
  [1m[35mPost Load (0.0ms)[0m  SELECT "posts".* FROM "posts"
  Rendered posts/index.html.haml within layouts/application (5.0ms)
Completed 200 OK in 67ms (Views: 66.1ms | ActiveRecord: 0.0ms)


Started GET "/posts/1" for 127.0.0.1 at 2015-09-15 11:50:19 +0100
Processing by PostsController#show as HTML
  Parameters: {"id"=>"1"}
  [1m[36mPost Load (0.0ms)[0m  [1mSELECT  "posts".* FROM "posts"  WHERE "posts"."id" = ? LIMIT 1[0m  [["id", 1]]
  [1m[35mComment Load (1.0ms)[0m  SELECT "comments".* FROM "comments"  WHERE "comments"."post_id" = ?  [["post_id", 1]]
  Rendered collection (0.0ms)
  Rendered posts/show.html.erb within layouts/application (4.0ms)
Completed 200 OK in 63ms (Views: 59.0ms | ActiveRecord: 1.0ms)


Started POST "/posts/1/comments" for 127.0.0.1 at 2015-09-15 11:50:48 +0100
Processing by CommentsController#create as HTML
  Parameters: {"utf8"=>"✓", "authenticity_token"=>"683YJ1pX4ggChj2M5HJBrMlAfyUe6ctHG0/BcmX6O/I=", "comment"=>{"body"=>"Test comment 1"}, "commit"=>"Add comment", "post_id"=>"1"}
  [1m[36mPost Load (0.0ms)[0m  [1mSELECT  "posts".* FROM "posts"  WHERE "posts"."id" = ? LIMIT 1[0m  [["id", 1]]
  [1m[35mUser Load (0.0ms)[0m  SELECT  "users".* FROM "users"  WHERE "users"."id" = 2  ORDER BY "users"."id" ASC LIMIT 1
  [1m[36m (0.0ms)[0m  [1mbegin transaction[0m
  [1m[35mSQL (1.0ms)[0m  INSERT INTO "comments" ("body", "created_at", "post_id", "updated_at") VALUES (?, ?, ?, ?)  [["body", "Test comment 1"], ["created_at", "2015-09-15 10:50:48.237593"], ["post_id", 1], ["updated_at", "2015-09-15 10:50:48.237593"]]
  [1m[36m (7.0ms)[0m  [1mcommit transaction[0m
Redirected to http://localhost:3000/posts/1
Completed 302 Found in 17ms (ActiveRecord: 8.0ms)


Started GET "/posts/1" for 127.0.0.1 at 2015-09-15 11:50:48 +0100
Processing by PostsController#show as HTML
  Parameters: {"id"=>"1"}
  [1m[35mPost Load (1.0ms)[0m  SELECT  "posts".* FROM "posts"  WHERE "posts"."id" = ? LIMIT 1  [["id", 1]]
  [1m[36mComment Load (1.0ms)[0m  [1mSELECT "comments".* FROM "comments"  WHERE "comments"."post_id" = ?[0m  [["post_id", 1]]
  Rendered posts/show.html.erb within layouts/application (7.0ms)
Completed 500 Internal Server Error in 14ms

ActionView::Template::Error (Missing partial comments/_comment with {:locale=>[:en], :formats=>[:html], :variants=>[], :handlers=>[:erb, :builder, :raw, :ruby, :coffee, :haml, :jbuilder]}. Searched in:
  * "C:/RailsInstaller/Git/blog_developer_test/app/views"
  * "c:/RailsInstaller/Ruby2.1.0/lib/ruby/gems/2.1.0/gems/devise-3.5.2/app/views"
):
    18: 	<p><%= f.submit "Add comment" %></p>
    19: 	
    20: 	<div id="comments">
    21:          <%= render :partial => @post.comments %>
    22: 	</div>
    23: <% end %>
    24: 
  app/views/posts/show.html.erb:21:in `block in _app_views_posts_show_html_erb__109308367_54422268'
  app/views/posts/show.html.erb:13:in `_app_views_posts_show_html_erb__109308367_54422268'


  Rendered c:/RailsInstaller/Ruby2.1.0/lib/ruby/gems/2.1.0/gems/actionpack-4.1.9/lib/action_dispatch/middleware/templates/rescues/_trace.html.erb (2.0ms)
  Rendered c:/RailsInstaller/Ruby2.1.0/lib/ruby/gems/2.1.0/gems/actionpack-4.1.9/lib/action_dispatch/middleware/templates/rescues/_request_and_response.html.erb (1.0ms)
  Rendered c:/RailsInstaller/Ruby2.1.0/lib/ruby/gems/2.1.0/gems/actionpack-4.1.9/lib/action_dispatch/middleware/templates/rescues/template_error.html.erb within rescues/layout (25.0ms)


Started GET "/posts/1" for 127.0.0.1 at 2015-09-15 12:12:28 +0100
Processing by PostsController#show as HTML
  Parameters: {"id"=>"1"}
  [1m[35mPost Load (1.0ms)[0m  SELECT  "posts".* FROM "posts"  WHERE "posts"."id" = ? LIMIT 1  [["id", 1]]
  Rendered posts/show.html.erb within layouts/application (29.0ms)
Completed 500 Internal Server Error in 48ms

ActionView::Template::Error (undefined local variable or method `comment' for #<#<Class:0x3d0d268>:0x660a068>):
    17:     </p>
    18: 	<p><%= f.submit "Submit" %></p>
    19: 	
    20: 	<%= div_for comment do %>
    21:       <p>
    22:         <strong>
    23:             Posted <%= time_ago_in_words(comment.created_at) %> ago
  app/views/posts/show.html.erb:20:in `block in _app_views_posts_show_html_erb__109308367_53495796'
  app/views/posts/show.html.erb:13:in `_app_views_posts_show_html_erb__109308367_53495796'


  Rendered c:/RailsInstaller/Ruby2.1.0/lib/ruby/gems/2.1.0/gems/actionpack-4.1.9/lib/action_dispatch/middleware/templates/rescues/_trace.html.erb (2.0ms)
  Rendered c:/RailsInstaller/Ruby2.1.0/lib/ruby/gems/2.1.0/gems/actionpack-4.1.9/lib/action_dispatch/middleware/templates/rescues/_request_and_response.html.erb (1.0ms)
  Rendered c:/RailsInstaller/Ruby2.1.0/lib/ruby/gems/2.1.0/gems/actionpack-4.1.9/lib/action_dispatch/middleware/templates/rescues/template_error.html.erb within rescues/layout (27.0ms)


Started GET "/posts/1" for 127.0.0.1 at 2015-09-15 12:13:01 +0100
Processing by PostsController#show as HTML
  Parameters: {"id"=>"1"}
  [1m[36mPost Load (0.0ms)[0m  [1mSELECT  "posts".* FROM "posts"  WHERE "posts"."id" = ? LIMIT 1[0m  [["id", 1]]
  [1m[35mComment Load (0.0ms)[0m  SELECT "comments".* FROM "comments"  WHERE "comments"."post_id" = ?  [["post_id", 1]]
  Rendered posts/show.html.erb within layouts/application (25.0ms)
Completed 500 Internal Server Error in 41ms

ActionView::Template::Error (undefined local variable or method `comment' for #<#<Class:0x3d0d268>:0x625d3b8>):
    20: 	<%= div_for @post.comments do %>
    21:       <p>
    22:         <strong>
    23:             Posted <%= time_ago_in_words(comment.created_at) %> ago
    24:         </strong>
    25:         <br/>
    26:         <%= comment.body %>
  app/views/posts/show.html.erb:23:in `block (2 levels) in _app_views_posts_show_html_erb__109308367_51526560'
  app/views/posts/show.html.erb:20:in `block in _app_views_posts_show_html_erb__109308367_51526560'
  app/views/posts/show.html.erb:13:in `_app_views_posts_show_html_erb__109308367_51526560'


  Rendered c:/RailsInstaller/Ruby2.1.0/lib/ruby/gems/2.1.0/gems/actionpack-4.1.9/lib/action_dispatch/middleware/templates/rescues/_trace.html.erb (1.0ms)
  Rendered c:/RailsInstaller/Ruby2.1.0/lib/ruby/gems/2.1.0/gems/actionpack-4.1.9/lib/action_dispatch/middleware/templates/rescues/_request_and_response.html.erb (1.0ms)
  Rendered c:/RailsInstaller/Ruby2.1.0/lib/ruby/gems/2.1.0/gems/actionpack-4.1.9/lib/action_dispatch/middleware/templates/rescues/template_error.html.erb within rescues/layout (25.0ms)


Started GET "/posts/1" for 127.0.0.1 at 2015-09-15 12:13:46 +0100
Processing by PostsController#show as HTML
  Parameters: {"id"=>"1"}
  [1m[36mPost Load (0.0ms)[0m  [1mSELECT  "posts".* FROM "posts"  WHERE "posts"."id" = ? LIMIT 1[0m  [["id", 1]]
  [1m[35mComment Load (0.0ms)[0m  SELECT "comments".* FROM "comments"  WHERE "comments"."post_id" = ?  [["post_id", 1]]
  Rendered posts/show.html.erb within layouts/application (8.0ms)
Completed 500 Internal Server Error in 27ms

ActionView::Template::Error (undefined method `comment' for #<Post:0x5db7ba0>):
    20: 	<%= div_for @post.comments do %>
    21:       <p>
    22:         <strong>
    23:             Posted <%= time_ago_in_words(@post.comment.created_at) %> ago
    24:         </strong>
    25:         <br/>
    26:         <%= @post.comment.body %>
  app/views/posts/show.html.erb:23:in `block (2 levels) in _app_views_posts_show_html_erb__109308367_49131432'
  app/views/posts/show.html.erb:20:in `block in _app_views_posts_show_html_erb__109308367_49131432'
  app/views/posts/show.html.erb:13:in `_app_views_posts_show_html_erb__109308367_49131432'


  Rendered c:/RailsInstaller/Ruby2.1.0/lib/ruby/gems/2.1.0/gems/actionpack-4.1.9/lib/action_dispatch/middleware/templates/rescues/_trace.html.erb (1.0ms)
  Rendered c:/RailsInstaller/Ruby2.1.0/lib/ruby/gems/2.1.0/gems/actionpack-4.1.9/lib/action_dispatch/middleware/templates/rescues/_request_and_response.html.erb (1.0ms)
  Rendered c:/RailsInstaller/Ruby2.1.0/lib/ruby/gems/2.1.0/gems/actionpack-4.1.9/lib/action_dispatch/middleware/templates/rescues/template_error.html.erb within rescues/layout (24.0ms)


Started GET "/posts/1" for 127.0.0.1 at 2015-09-15 12:14:11 +0100
Processing by PostsController#show as HTML
  Parameters: {"id"=>"1"}
  [1m[36mPost Load (0.0ms)[0m  [1mSELECT  "posts".* FROM "posts"  WHERE "posts"."id" = ? LIMIT 1[0m  [["id", 1]]
  [1m[35mComment Load (0.5ms)[0m  SELECT "comments".* FROM "comments"  WHERE "comments"."post_id" = ?  [["post_id", 1]]
  Rendered posts/show.html.erb within layouts/application (7.0ms)
Completed 500 Internal Server Error in 13ms

ActionView::Template::Error (undefined method `created_at' for #<Comment::ActiveRecord_Associations_CollectionProxy:0x4e1e198>):
    20: 	<%= div_for @post.comments do %>
    21:       <p>
    22:         <strong>
    23:             Posted <%= time_ago_in_words(@post.comments.created_at) %> ago
    24:         </strong>
    25:         <br/>
    26:         <%= @post.comments.body %>
  app/views/posts/show.html.erb:23:in `block (2 levels) in _app_views_posts_show_html_erb__109308367_41169012'
  app/views/posts/show.html.erb:20:in `block in _app_views_posts_show_html_erb__109308367_41169012'
  app/views/posts/show.html.erb:13:in `_app_views_posts_show_html_erb__109308367_41169012'


  Rendered c:/RailsInstaller/Ruby2.1.0/lib/ruby/gems/2.1.0/gems/actionpack-4.1.9/lib/action_dispatch/middleware/templates/rescues/_trace.html.erb (2.0ms)
  Rendered c:/RailsInstaller/Ruby2.1.0/lib/ruby/gems/2.1.0/gems/actionpack-4.1.9/lib/action_dispatch/middleware/templates/rescues/_request_and_response.html.erb (1.0ms)
  Rendered c:/RailsInstaller/Ruby2.1.0/lib/ruby/gems/2.1.0/gems/actionpack-4.1.9/lib/action_dispatch/middleware/templates/rescues/template_error.html.erb within rescues/layout (26.5ms)


Started GET "/posts/1" for 127.0.0.1 at 2015-09-15 12:19:32 +0100
Processing by PostsController#show as HTML
  Parameters: {"id"=>"1"}
  [1m[36mPost Load (0.0ms)[0m  [1mSELECT  "posts".* FROM "posts"  WHERE "posts"."id" = ? LIMIT 1[0m  [["id", 1]]
  [1m[35mComment Load (0.0ms)[0m  SELECT "comments".* FROM "comments"  WHERE "comments"."post_id" = ?  [["post_id", 1]]
  Rendered posts/show.html.erb within layouts/application (15.0ms)
Completed 500 Internal Server Error in 30ms

ActionView::Template::Error (Missing partial comments/_comment with {:locale=>[:en], :formats=>[:html], :variants=>[], :handlers=>[:erb, :builder, :raw, :ruby, :coffee, :haml, :jbuilder]}. Searched in:
  * "C:/RailsInstaller/Git/blog_developer_test/app/views"
  * "c:/RailsInstaller/Ruby2.1.0/lib/ruby/gems/2.1.0/gems/devise-3.5.2/app/views"
):
    13:         <%= f.text_area :body %>
    14:     </p>
    15: 	<p><%= f.submit "Submit" %></p>	
    16: 	<%= render :partial => @post.comments %>
    17: <% end %>
    18: <%= link_to 'Back', posts_path %>
  app/views/posts/show.html.erb:16:in `block in _app_views_posts_show_html_erb__109308367_53306316'
  app/views/posts/show.html.erb:10:in `_app_views_posts_show_html_erb__109308367_53306316'


  Rendered c:/RailsInstaller/Ruby2.1.0/lib/ruby/gems/2.1.0/gems/actionpack-4.1.9/lib/action_dispatch/middleware/templates/rescues/_trace.html.erb (1.0ms)
  Rendered c:/RailsInstaller/Ruby2.1.0/lib/ruby/gems/2.1.0/gems/actionpack-4.1.9/lib/action_dispatch/middleware/templates/rescues/_request_and_response.html.erb (1.0ms)
  Rendered c:/RailsInstaller/Ruby2.1.0/lib/ruby/gems/2.1.0/gems/actionpack-4.1.9/lib/action_dispatch/middleware/templates/rescues/template_error.html.erb within rescues/layout (29.0ms)


Started GET "/posts/1" for 127.0.0.1 at 2015-09-15 12:21:45 +0100
Processing by PostsController#show as HTML
  Parameters: {"id"=>"1"}
  [1m[36mPost Load (1.0ms)[0m  [1mSELECT  "posts".* FROM "posts"  WHERE "posts"."id" = ? LIMIT 1[0m  [["id", 1]]
  Rendered posts/show.html.erb within layouts/application (9.0ms)
Completed 500 Internal Server Error in 29ms

ActionView::Template::Error (undefined method `each' for nil:NilClass):
    13:         <%= f.text_area :body %>
    14:     </p>
    15: 	<p><%= f.submit "Submit" %></p>	
    16: 	<% @comments.each do |comment| -%>
    17: 	  <p>
    18: 	      <%= comment.text %> on the post <%= comment.post.title %>
    19: 	  </p>
  app/views/posts/show.html.erb:16:in `block in _app_views_posts_show_html_erb__109308367_51408576'
  app/views/posts/show.html.erb:10:in `_app_views_posts_show_html_erb__109308367_51408576'


  Rendered c:/RailsInstaller/Ruby2.1.0/lib/ruby/gems/2.1.0/gems/actionpack-4.1.9/lib/action_dispatch/middleware/templates/rescues/_trace.html.erb (2.0ms)
  Rendered c:/RailsInstaller/Ruby2.1.0/lib/ruby/gems/2.1.0/gems/actionpack-4.1.9/lib/action_dispatch/middleware/templates/rescues/_request_and_response.html.erb (1.0ms)
  Rendered c:/RailsInstaller/Ruby2.1.0/lib/ruby/gems/2.1.0/gems/actionpack-4.1.9/lib/action_dispatch/middleware/templates/rescues/template_error.html.erb within rescues/layout (25.0ms)


Started GET "/posts/1" for 127.0.0.1 at 2015-09-15 12:23:55 +0100
Processing by PostsController#show as HTML
  Parameters: {"id"=>"1"}
  [1m[35mPost Load (0.0ms)[0m  SELECT  "posts".* FROM "posts"  WHERE "posts"."id" = ? LIMIT 1  [["id", 1]]
  [1m[36mComment Load (0.0ms)[0m  [1mSELECT "comments".* FROM "comments"  WHERE "comments"."id" IN ('all', '---
:order: created_at DESC
:limit: 10
')[0m
  Rendered posts/show.html.erb within layouts/application (5.0ms)
Completed 500 Internal Server Error in 13ms

ActiveRecord::RecordNotFound (Couldn't find all Comments with 'id': (all, {:order=>"created_at DESC", :limit=>10}) (found 0 results, but was looking for 2)):
  app/views/posts/show.html.erb:16:in `block in _app_views_posts_show_html_erb__109308367_49659012'
  app/views/posts/show.html.erb:10:in `_app_views_posts_show_html_erb__109308367_49659012'


  Rendered c:/RailsInstaller/Ruby2.1.0/lib/ruby/gems/2.1.0/gems/actionpack-4.1.9/lib/action_dispatch/middleware/templates/rescues/_source.erb (1.0ms)
  Rendered c:/RailsInstaller/Ruby2.1.0/lib/ruby/gems/2.1.0/gems/actionpack-4.1.9/lib/action_dispatch/middleware/templates/rescues/_trace.html.erb (1.0ms)
  Rendered c:/RailsInstaller/Ruby2.1.0/lib/ruby/gems/2.1.0/gems/actionpack-4.1.9/lib/action_dispatch/middleware/templates/rescues/_request_and_response.html.erb (1.0ms)
  Rendered c:/RailsInstaller/Ruby2.1.0/lib/ruby/gems/2.1.0/gems/actionpack-4.1.9/lib/action_dispatch/middleware/templates/rescues/diagnostics.erb within rescues/layout (36.0ms)


Started GET "/posts/1" for 127.0.0.1 at 2015-09-15 12:25:00 +0100
Processing by PostsController#show as HTML
  Parameters: {"id"=>"1"}
  [1m[35mPost Load (0.0ms)[0m  SELECT  "posts".* FROM "posts"  WHERE "posts"."id" = ? LIMIT 1  [["id", 1]]
  [1m[36mComment Load (0.0ms)[0m  [1mSELECT "comments".* FROM "comments"  WHERE "comments"."id" IN ('all', '---
:order: created_at DESC
')[0m
  Rendered posts/show.html.erb within layouts/application (7.0ms)
Completed 500 Internal Server Error in 21ms

ActiveRecord::RecordNotFound (Couldn't find all Comments with 'id': (all, {:order=>"created_at DESC"}) (found 0 results, but was looking for 2)):
  app/views/posts/show.html.erb:16:in `block in _app_views_posts_show_html_erb__109308367_41870280'
  app/views/posts/show.html.erb:10:in `_app_views_posts_show_html_erb__109308367_41870280'


  Rendered c:/RailsInstaller/Ruby2.1.0/lib/ruby/gems/2.1.0/gems/actionpack-4.1.9/lib/action_dispatch/middleware/templates/rescues/_source.erb (0.0ms)
  Rendered c:/RailsInstaller/Ruby2.1.0/lib/ruby/gems/2.1.0/gems/actionpack-4.1.9/lib/action_dispatch/middleware/templates/rescues/_trace.html.erb (1.0ms)
  Rendered c:/RailsInstaller/Ruby2.1.0/lib/ruby/gems/2.1.0/gems/actionpack-4.1.9/lib/action_dispatch/middleware/templates/rescues/_request_and_response.html.erb (1.0ms)
  Rendered c:/RailsInstaller/Ruby2.1.0/lib/ruby/gems/2.1.0/gems/actionpack-4.1.9/lib/action_dispatch/middleware/templates/rescues/diagnostics.erb within rescues/layout (35.0ms)


Started GET "/posts/1" for 127.0.0.1 at 2015-09-15 12:27:14 +0100
Processing by PostsController#show as HTML
  Parameters: {"id"=>"1"}
  [1m[35mPost Load (0.0ms)[0m  SELECT  "posts".* FROM "posts"  WHERE "posts"."id" = ? LIMIT 1  [["id", 1]]
  Rendered posts/show.html.erb within layouts/application (6.0ms)
Completed 500 Internal Server Error in 18ms

ActionView::Template::Error (undefined method `named_scope' for #<Class:0x6626ad8>):
     7:   <strong>Body:</strong>
     8:   <%= @post.body %>
     9: </p>
    10: <%= form_for [@post, Comment.new] do |f| %>
    11:     <p>
    12:         <%= f.label :body, "Enter comment" %><br/>
    13:         <%= f.text_area :body %>
  app/models/comment.rb:2:in `<class:Comment>'
  app/models/comment.rb:1:in `<top (required)>'
  app/views/posts/show.html.erb:10:in `_app_views_posts_show_html_erb__109308367_53654028'


  Rendered c:/RailsInstaller/Ruby2.1.0/lib/ruby/gems/2.1.0/gems/actionpack-4.1.9/lib/action_dispatch/middleware/templates/rescues/_trace.html.erb (2.0ms)
  Rendered c:/RailsInstaller/Ruby2.1.0/lib/ruby/gems/2.1.0/gems/actionpack-4.1.9/lib/action_dispatch/middleware/templates/rescues/_request_and_response.html.erb (1.0ms)
  Rendered c:/RailsInstaller/Ruby2.1.0/lib/ruby/gems/2.1.0/gems/actionpack-4.1.9/lib/action_dispatch/middleware/templates/rescues/template_error.html.erb within rescues/layout (25.0ms)


Started GET "/posts/1" for 127.0.0.1 at 2015-09-15 12:28:56 +0100
Processing by PostsController#show as HTML
  Parameters: {"id"=>"1"}
  [1m[36mPost Load (0.0ms)[0m  [1mSELECT  "posts".* FROM "posts"  WHERE "posts"."id" = ? LIMIT 1[0m  [["id", 1]]
  Rendered posts/show.html.erb within layouts/application (7.0ms)
Completed 200 OK in 84ms (Views: 75.1ms | ActiveRecord: 1.0ms)


Started GET "/assets/comments.css?body=1" for 127.0.0.1 at 2015-09-15 12:28:56 +0100


Started GET "/assets/posts.css?body=1" for 127.0.0.1 at 2015-09-15 12:28:56 +0100


Started GET "/assets/scaffolds.css?body=1" for 127.0.0.1 at 2015-09-15 12:28:56 +0100


Started GET "/assets/application.css?body=1" for 127.0.0.1 at 2015-09-15 12:28:56 +0100


Started GET "/assets/jquery_ujs.js?body=1" for 127.0.0.1 at 2015-09-15 12:28:56 +0100


Started GET "/assets/jquery.js?body=1" for 127.0.0.1 at 2015-09-15 12:28:56 +0100


Started GET "/assets/turbolinks.js?body=1" for 127.0.0.1 at 2015-09-15 12:28:56 +0100


Started GET "/assets/comments.js?body=1" for 127.0.0.1 at 2015-09-15 12:28:56 +0100


Started GET "/assets/posts.js?body=1" for 127.0.0.1 at 2015-09-15 12:28:56 +0100


Started GET "/assets/application.js?body=1" for 127.0.0.1 at 2015-09-15 12:28:56 +0100


Started GET "/posts/1" for 127.0.0.1 at 2015-09-15 12:29:43 +0100
Processing by PostsController#show as HTML
  Parameters: {"id"=>"1"}
  [1m[35mPost Load (1.0ms)[0m  SELECT  "posts".* FROM "posts"  WHERE "posts"."id" = ? LIMIT 1  [["id", 1]]
  Rendered posts/show.html.erb within layouts/application (2.1ms)
Completed 500 Internal Server Error in 18ms

SyntaxError (C:/RailsInstaller/Git/blog_developer_test/app/views/posts/show.html.erb:20: syntax error, unexpected keyword_ensure, expecting keyword_end
C:/RailsInstaller/Git/blog_developer_test/app/views/posts/show.html.erb:22: syntax error, unexpected end-of-input, expecting keyword_end):
  app/views/posts/show.html.erb:20: syntax error, unexpected keyword_ensure, expecting keyword_end
  app/views/posts/show.html.erb:22: syntax error, unexpected end-of-input, expecting keyword_end


  Rendered c:/RailsInstaller/Ruby2.1.0/lib/ruby/gems/2.1.0/gems/actionpack-4.1.9/lib/action_dispatch/middleware/templates/rescues/_source.erb (0.0ms)
  Rendered c:/RailsInstaller/Ruby2.1.0/lib/ruby/gems/2.1.0/gems/actionpack-4.1.9/lib/action_dispatch/middleware/templates/rescues/_trace.html.erb (1.0ms)
  Rendered c:/RailsInstaller/Ruby2.1.0/lib/ruby/gems/2.1.0/gems/actionpack-4.1.9/lib/action_dispatch/middleware/templates/rescues/_request_and_response.html.erb (1.0ms)
  Rendered c:/RailsInstaller/Ruby2.1.0/lib/ruby/gems/2.1.0/gems/actionpack-4.1.9/lib/action_dispatch/middleware/templates/rescues/diagnostics.erb within rescues/layout (36.0ms)


Started GET "/posts/1" for 127.0.0.1 at 2015-09-15 12:30:29 +0100
Processing by PostsController#show as HTML
  Parameters: {"id"=>"1"}
  [1m[36mPost Load (0.0ms)[0m  [1mSELECT  "posts".* FROM "posts"  WHERE "posts"."id" = ? LIMIT 1[0m  [["id", 1]]
  Rendered posts/show.html.erb within layouts/application (1.0ms)
Completed 500 Internal Server Error in 8ms

SyntaxError (C:/RailsInstaller/Git/blog_developer_test/app/views/posts/show.html.erb:17: syntax error, unexpected ':', expecting keyword_end
	   Comment: <%= comment.body 
	           ^
C:/RailsInstaller/Git/blog_developer_test/app/views/posts/show.html.erb:20: syntax error, unexpected '(', expecting keyword_end
@output_buffer.append=( link_to 'Back', posts_path )...
                       ^
C:/RailsInstaller/Git/blog_developer_test/app/views/posts/show.html.erb:20: syntax error, unexpected ')', expecting keyword_end
...=( link_to 'Back', posts_path );@output_buffer.safe_append='
...                               ^
C:/RailsInstaller/Git/blog_developer_test/app/views/posts/show.html.erb:22: syntax error, unexpected keyword_ensure, expecting keyword_end
C:/RailsInstaller/Git/blog_developer_test/app/views/posts/show.html.erb:24: syntax error, unexpected end-of-input, expecting keyword_end):
  app/views/posts/show.html.erb:17: syntax error, unexpected ':', expecting keyword_end
  app/views/posts/show.html.erb:20: syntax error, unexpected '(', expecting keyword_end
  app/views/posts/show.html.erb:20: syntax error, unexpected ')', expecting keyword_end
  app/views/posts/show.html.erb:22: syntax error, unexpected keyword_ensure, expecting keyword_end
  app/views/posts/show.html.erb:24: syntax error, unexpected end-of-input, expecting keyword_end


  Rendered c:/RailsInstaller/Ruby2.1.0/lib/ruby/gems/2.1.0/gems/actionpack-4.1.9/lib/action_dispatch/middleware/templates/rescues/_source.erb (1.0ms)
  Rendered c:/RailsInstaller/Ruby2.1.0/lib/ruby/gems/2.1.0/gems/actionpack-4.1.9/lib/action_dispatch/middleware/templates/rescues/_trace.html.erb (1.0ms)
  Rendered c:/RailsInstaller/Ruby2.1.0/lib/ruby/gems/2.1.0/gems/actionpack-4.1.9/lib/action_dispatch/middleware/templates/rescues/_request_and_response.html.erb (1.0ms)
  Rendered c:/RailsInstaller/Ruby2.1.0/lib/ruby/gems/2.1.0/gems/actionpack-4.1.9/lib/action_dispatch/middleware/templates/rescues/diagnostics.erb within rescues/layout (36.0ms)


Started GET "/posts/1" for 127.0.0.1 at 2015-09-15 12:31:14 +0100
Processing by PostsController#show as HTML
  Parameters: {"id"=>"1"}
  [1m[35mPost Load (1.0ms)[0m  SELECT  "posts".* FROM "posts"  WHERE "posts"."id" = ? LIMIT 1  [["id", 1]]
  Rendered posts/show.html.erb within layouts/application (5.0ms)
Completed 500 Internal Server Error in 23ms

ActionView::Template::Error (undefined method `each' for nil:NilClass):
    13:         <%= f.text_area :body %>
    14:     </p>
    15: 	<p><%= f.submit "Submit" %></p>	
    16: 	<% @comments.each do |comment| %>  
    17: 	  <% Comment:comment.body %>
    18: 	<% end %>
    19: <% end %>
  app/views/posts/show.html.erb:16:in `block in _app_views_posts_show_html_erb__109308367_49095312'
  app/views/posts/show.html.erb:10:in `_app_views_posts_show_html_erb__109308367_49095312'


  Rendered c:/RailsInstaller/Ruby2.1.0/lib/ruby/gems/2.1.0/gems/actionpack-4.1.9/lib/action_dispatch/middleware/templates/rescues/_trace.html.erb (1.0ms)
  Rendered c:/RailsInstaller/Ruby2.1.0/lib/ruby/gems/2.1.0/gems/actionpack-4.1.9/lib/action_dispatch/middleware/templates/rescues/_request_and_response.html.erb (1.0ms)
  Rendered c:/RailsInstaller/Ruby2.1.0/lib/ruby/gems/2.1.0/gems/actionpack-4.1.9/lib/action_dispatch/middleware/templates/rescues/template_error.html.erb within rescues/layout (27.0ms)


Started GET "/posts/1" for 127.0.0.1 at 2015-09-15 12:33:05 +0100
Processing by PostsController#show as HTML
  Parameters: {"id"=>"1"}
  [1m[36mPost Load (0.0ms)[0m  [1mSELECT  "posts".* FROM "posts"  WHERE "posts"."id" = ? LIMIT 1[0m  [["id", 1]]
  [1m[35mComment Load (1.0ms)[0m  SELECT "comments".* FROM "comments"  WHERE "comments"."post_id" = ?  [["post_id", 1]]
  Rendered posts/show.html.erb within layouts/application (15.0ms)
Completed 200 OK in 139ms (Views: 133.1ms | ActiveRecord: 1.0ms)


Started GET "/assets/comments.css?body=1" for 127.0.0.1 at 2015-09-15 12:33:05 +0100


Started GET "/assets/posts.css?body=1" for 127.0.0.1 at 2015-09-15 12:33:05 +0100


Started GET "/assets/scaffolds.css?body=1" for 127.0.0.1 at 2015-09-15 12:33:05 +0100


Started GET "/assets/application.css?body=1" for 127.0.0.1 at 2015-09-15 12:33:05 +0100


Started GET "/assets/jquery.js?body=1" for 127.0.0.1 at 2015-09-15 12:33:05 +0100


Started GET "/assets/jquery_ujs.js?body=1" for 127.0.0.1 at 2015-09-15 12:33:05 +0100


Started GET "/assets/turbolinks.js?body=1" for 127.0.0.1 at 2015-09-15 12:33:05 +0100


Started GET "/assets/comments.js?body=1" for 127.0.0.1 at 2015-09-15 12:33:05 +0100


Started GET "/assets/posts.js?body=1" for 127.0.0.1 at 2015-09-15 12:33:05 +0100


Started GET "/assets/application.js?body=1" for 127.0.0.1 at 2015-09-15 12:33:05 +0100


Started GET "/posts/1" for 127.0.0.1 at 2015-09-15 12:34:37 +0100
Processing by PostsController#show as HTML
  Parameters: {"id"=>"1"}
  [1m[36mPost Load (0.0ms)[0m  [1mSELECT  "posts".* FROM "posts"  WHERE "posts"."id" = ? LIMIT 1[0m  [["id", 1]]
  [1m[35mComment Load (1.0ms)[0m  SELECT "comments".* FROM "comments"  WHERE "comments"."post_id" = ?  [["post_id", 1]]
  Rendered posts/show.html.erb within layouts/application (10.0ms)
Completed 200 OK in 119ms (Views: 112.1ms | ActiveRecord: 1.0ms)


Started GET "/assets/comments.css?body=1" for 127.0.0.1 at 2015-09-15 12:34:37 +0100


Started GET "/assets/posts.css?body=1" for 127.0.0.1 at 2015-09-15 12:34:37 +0100


Started GET "/assets/scaffolds.css?body=1" for 127.0.0.1 at 2015-09-15 12:34:37 +0100


Started GET "/assets/application.css?body=1" for 127.0.0.1 at 2015-09-15 12:34:37 +0100


Started GET "/assets/jquery.js?body=1" for 127.0.0.1 at 2015-09-15 12:34:37 +0100


Started GET "/assets/turbolinks.js?body=1" for 127.0.0.1 at 2015-09-15 12:34:37 +0100


Started GET "/assets/jquery_ujs.js?body=1" for 127.0.0.1 at 2015-09-15 12:34:37 +0100


Started GET "/assets/comments.js?body=1" for 127.0.0.1 at 2015-09-15 12:34:37 +0100


Started GET "/assets/posts.js?body=1" for 127.0.0.1 at 2015-09-15 12:34:37 +0100


Started GET "/assets/application.js?body=1" for 127.0.0.1 at 2015-09-15 12:34:37 +0100


Started GET "/posts/1" for 127.0.0.1 at 2015-09-15 12:35:12 +0100
Processing by PostsController#show as HTML
  Parameters: {"id"=>"1"}
  [1m[36mPost Load (0.0ms)[0m  [1mSELECT  "posts".* FROM "posts"  WHERE "posts"."id" = ? LIMIT 1[0m  [["id", 1]]
  [1m[35mComment Load (1.0ms)[0m  SELECT "comments".* FROM "comments"  WHERE "comments"."post_id" = ?  [["post_id", 1]]
  Rendered posts/show.html.erb within layouts/application (10.0ms)
Completed 200 OK in 80ms (Views: 71.0ms | ActiveRecord: 2.0ms)


Started GET "/assets/comments.css?body=1" for 127.0.0.1 at 2015-09-15 12:35:12 +0100


Started GET "/assets/posts.css?body=1" for 127.0.0.1 at 2015-09-15 12:35:12 +0100


Started GET "/assets/scaffolds.css?body=1" for 127.0.0.1 at 2015-09-15 12:35:12 +0100


Started GET "/assets/application.css?body=1" for 127.0.0.1 at 2015-09-15 12:35:12 +0100


Started GET "/assets/jquery.js?body=1" for 127.0.0.1 at 2015-09-15 12:35:12 +0100


Started GET "/assets/jquery_ujs.js?body=1" for 127.0.0.1 at 2015-09-15 12:35:12 +0100


Started GET "/assets/turbolinks.js?body=1" for 127.0.0.1 at 2015-09-15 12:35:12 +0100


Started GET "/assets/comments.js?body=1" for 127.0.0.1 at 2015-09-15 12:35:12 +0100


Started GET "/assets/posts.js?body=1" for 127.0.0.1 at 2015-09-15 12:35:12 +0100


Started GET "/assets/application.js?body=1" for 127.0.0.1 at 2015-09-15 12:35:12 +0100


Started GET "/posts/1" for 127.0.0.1 at 2015-09-15 12:35:14 +0100
Processing by PostsController#show as HTML
  Parameters: {"id"=>"1"}
  [1m[36mPost Load (0.0ms)[0m  [1mSELECT  "posts".* FROM "posts"  WHERE "posts"."id" = ? LIMIT 1[0m  [["id", 1]]
  [1m[35mComment Load (0.0ms)[0m  SELECT "comments".* FROM "comments"  WHERE "comments"."post_id" = ?  [["post_id", 1]]
  Rendered posts/show.html.erb within layouts/application (3.0ms)
Completed 200 OK in 66ms (Views: 64.1ms | ActiveRecord: 0.0ms)


Started GET "/assets/application.css?body=1" for 127.0.0.1 at 2015-09-15 12:35:15 +0100


Started GET "/assets/scaffolds.css?body=1" for 127.0.0.1 at 2015-09-15 12:35:15 +0100


Started GET "/assets/posts.css?body=1" for 127.0.0.1 at 2015-09-15 12:35:15 +0100


Started GET "/assets/jquery.js?body=1" for 127.0.0.1 at 2015-09-15 12:35:15 +0100


Started GET "/assets/jquery_ujs.js?body=1" for 127.0.0.1 at 2015-09-15 12:35:15 +0100


Started GET "/assets/comments.css?body=1" for 127.0.0.1 at 2015-09-15 12:35:15 +0100


Started GET "/assets/turbolinks.js?body=1" for 127.0.0.1 at 2015-09-15 12:35:15 +0100


Started GET "/assets/comments.js?body=1" for 127.0.0.1 at 2015-09-15 12:35:15 +0100


Started GET "/assets/posts.js?body=1" for 127.0.0.1 at 2015-09-15 12:35:15 +0100


Started GET "/assets/application.js?body=1" for 127.0.0.1 at 2015-09-15 12:35:15 +0100


Started GET "/posts/1" for 127.0.0.1 at 2015-09-15 12:36:57 +0100
Processing by PostsController#show as HTML
  Parameters: {"id"=>"1"}
  [1m[36mPost Load (1.0ms)[0m  [1mSELECT  "posts".* FROM "posts"  WHERE "posts"."id" = ? LIMIT 1[0m  [["id", 1]]
  [1m[35mComment Load (1.0ms)[0m  SELECT "comments".* FROM "comments"  WHERE "comments"."post_id" = ?  [["post_id", 1]]
  Rendered posts/show.html.erb within layouts/application (6.0ms)
Completed 200 OK in 99ms (Views: 93.1ms | ActiveRecord: 2.0ms)


Started GET "/assets/comments.css?body=1" for 127.0.0.1 at 2015-09-15 12:36:57 +0100


Started GET "/assets/posts.css?body=1" for 127.0.0.1 at 2015-09-15 12:36:57 +0100


Started GET "/assets/scaffolds.css?body=1" for 127.0.0.1 at 2015-09-15 12:36:57 +0100


Started GET "/assets/application.css?body=1" for 127.0.0.1 at 2015-09-15 12:36:57 +0100


Started GET "/assets/jquery.js?body=1" for 127.0.0.1 at 2015-09-15 12:36:57 +0100


Started GET "/assets/jquery_ujs.js?body=1" for 127.0.0.1 at 2015-09-15 12:36:57 +0100


Started GET "/assets/comments.js?body=1" for 127.0.0.1 at 2015-09-15 12:36:57 +0100


Started GET "/assets/turbolinks.js?body=1" for 127.0.0.1 at 2015-09-15 12:36:57 +0100


Started GET "/assets/posts.js?body=1" for 127.0.0.1 at 2015-09-15 12:36:57 +0100


Started GET "/assets/application.js?body=1" for 127.0.0.1 at 2015-09-15 12:36:57 +0100


Started GET "/posts/1" for 127.0.0.1 at 2015-09-15 12:37:33 +0100
Processing by PostsController#show as HTML
  Parameters: {"id"=>"1"}
  [1m[36mPost Load (0.0ms)[0m  [1mSELECT  "posts".* FROM "posts"  WHERE "posts"."id" = ? LIMIT 1[0m  [["id", 1]]
  [1m[35mComment Load (0.0ms)[0m  SELECT "comments".* FROM "comments"  WHERE "comments"."post_id" = ?  [["post_id", 1]]
  Rendered posts/show.html.erb within layouts/application (7.0ms)
Completed 200 OK in 96ms (Views: 91.1ms | ActiveRecord: 0.0ms)


Started GET "/assets/comments.css?body=1" for 127.0.0.1 at 2015-09-15 12:37:33 +0100


Started GET "/assets/posts.css?body=1" for 127.0.0.1 at 2015-09-15 12:37:33 +0100


Started GET "/assets/scaffolds.css?body=1" for 127.0.0.1 at 2015-09-15 12:37:33 +0100


Started GET "/assets/application.css?body=1" for 127.0.0.1 at 2015-09-15 12:37:33 +0100


Started GET "/assets/jquery.js?body=1" for 127.0.0.1 at 2015-09-15 12:37:33 +0100


Started GET "/assets/jquery_ujs.js?body=1" for 127.0.0.1 at 2015-09-15 12:37:33 +0100


Started GET "/assets/turbolinks.js?body=1" for 127.0.0.1 at 2015-09-15 12:37:33 +0100


Started GET "/assets/comments.js?body=1" for 127.0.0.1 at 2015-09-15 12:37:33 +0100


Started GET "/assets/posts.js?body=1" for 127.0.0.1 at 2015-09-15 12:37:33 +0100


Started GET "/assets/application.js?body=1" for 127.0.0.1 at 2015-09-15 12:37:33 +0100


Started GET "/posts/1" for 127.0.0.1 at 2015-09-15 12:38:27 +0100
Processing by PostsController#show as HTML
  Parameters: {"id"=>"1"}
  [1m[36mPost Load (0.0ms)[0m  [1mSELECT  "posts".* FROM "posts"  WHERE "posts"."id" = ? LIMIT 1[0m  [["id", 1]]
  [1m[35mComment Load (0.0ms)[0m  SELECT "comments".* FROM "comments"  WHERE "comments"."post_id" = ?  [["post_id", 1]]
  Rendered posts/show.html.erb within layouts/application (7.0ms)
Completed 200 OK in 85ms (Views: 79.0ms | ActiveRecord: 0.0ms)


Started GET "/assets/posts.css?body=1" for 127.0.0.1 at 2015-09-15 12:38:27 +0100


Started GET "/assets/comments.css?body=1" for 127.0.0.1 at 2015-09-15 12:38:27 +0100


Started GET "/assets/scaffolds.css?body=1" for 127.0.0.1 at 2015-09-15 12:38:27 +0100


Started GET "/assets/application.css?body=1" for 127.0.0.1 at 2015-09-15 12:38:27 +0100


Started GET "/assets/jquery.js?body=1" for 127.0.0.1 at 2015-09-15 12:38:27 +0100


Started GET "/assets/jquery_ujs.js?body=1" for 127.0.0.1 at 2015-09-15 12:38:27 +0100


Started GET "/assets/turbolinks.js?body=1" for 127.0.0.1 at 2015-09-15 12:38:27 +0100


Started GET "/assets/comments.js?body=1" for 127.0.0.1 at 2015-09-15 12:38:27 +0100


Started GET "/assets/posts.js?body=1" for 127.0.0.1 at 2015-09-15 12:38:27 +0100


Started GET "/assets/application.js?body=1" for 127.0.0.1 at 2015-09-15 12:38:27 +0100


Started GET "/posts/1" for 127.0.0.1 at 2015-09-15 12:38:52 +0100
Processing by PostsController#show as HTML
  Parameters: {"id"=>"1"}
  [1m[36mPost Load (0.0ms)[0m  [1mSELECT  "posts".* FROM "posts"  WHERE "posts"."id" = ? LIMIT 1[0m  [["id", 1]]
  [1m[35mComment Load (1.0ms)[0m  SELECT "comments".* FROM "comments"  WHERE "comments"."post_id" = ?  [["post_id", 1]]
  Rendered posts/show.html.erb within layouts/application (5.0ms)
Completed 200 OK in 69ms (Views: 66.1ms | ActiveRecord: 1.0ms)


Started GET "/assets/posts.css?body=1" for 127.0.0.1 at 2015-09-15 12:38:52 +0100


Started GET "/assets/comments.css?body=1" for 127.0.0.1 at 2015-09-15 12:38:52 +0100


Started GET "/assets/scaffolds.css?body=1" for 127.0.0.1 at 2015-09-15 12:38:52 +0100


Started GET "/assets/application.css?body=1" for 127.0.0.1 at 2015-09-15 12:38:52 +0100


Started GET "/assets/jquery.js?body=1" for 127.0.0.1 at 2015-09-15 12:38:52 +0100


Started GET "/assets/jquery_ujs.js?body=1" for 127.0.0.1 at 2015-09-15 12:38:52 +0100


Started GET "/assets/turbolinks.js?body=1" for 127.0.0.1 at 2015-09-15 12:38:52 +0100


Started GET "/assets/comments.js?body=1" for 127.0.0.1 at 2015-09-15 12:38:52 +0100


Started GET "/assets/posts.js?body=1" for 127.0.0.1 at 2015-09-15 12:38:52 +0100


Started GET "/assets/application.js?body=1" for 127.0.0.1 at 2015-09-15 12:38:52 +0100


Started GET "/posts/1" for 127.0.0.1 at 2015-09-15 12:39:08 +0100
Processing by PostsController#show as HTML
  Parameters: {"id"=>"1"}
  [1m[36mPost Load (0.0ms)[0m  [1mSELECT  "posts".* FROM "posts"  WHERE "posts"."id" = ? LIMIT 1[0m  [["id", 1]]
  [1m[35mComment Load (0.0ms)[0m  SELECT "comments".* FROM "comments"  WHERE "comments"."post_id" = ?  [["post_id", 1]]
  Rendered posts/show.html.erb within layouts/application (5.0ms)
Completed 200 OK in 78ms (Views: 74.1ms | ActiveRecord: 0.0ms)


Started GET "/assets/scaffolds.css?body=1" for 127.0.0.1 at 2015-09-15 12:39:08 +0100


Started GET "/assets/jquery.js?body=1" for 127.0.0.1 at 2015-09-15 12:39:08 +0100


Started GET "/assets/application.css?body=1" for 127.0.0.1 at 2015-09-15 12:39:08 +0100


Started GET "/assets/posts.css?body=1" for 127.0.0.1 at 2015-09-15 12:39:08 +0100


Started GET "/assets/jquery_ujs.js?body=1" for 127.0.0.1 at 2015-09-15 12:39:08 +0100


Started GET "/assets/comments.css?body=1" for 127.0.0.1 at 2015-09-15 12:39:08 +0100


Started GET "/assets/turbolinks.js?body=1" for 127.0.0.1 at 2015-09-15 12:39:08 +0100


Started GET "/assets/comments.js?body=1" for 127.0.0.1 at 2015-09-15 12:39:08 +0100


Started GET "/assets/posts.js?body=1" for 127.0.0.1 at 2015-09-15 12:39:08 +0100


Started GET "/assets/application.js?body=1" for 127.0.0.1 at 2015-09-15 12:39:08 +0100


Started GET "/posts/1" for 127.0.0.1 at 2015-09-15 12:39:31 +0100
Processing by PostsController#show as HTML
  Parameters: {"id"=>"1"}
  [1m[36mPost Load (1.0ms)[0m  [1mSELECT  "posts".* FROM "posts"  WHERE "posts"."id" = ? LIMIT 1[0m  [["id", 1]]
  [1m[35mComment Load (0.0ms)[0m  SELECT "comments".* FROM "comments"  WHERE "comments"."post_id" = ?  [["post_id", 1]]
  Rendered posts/show.html.erb within layouts/application (4.0ms)
Completed 200 OK in 75ms (Views: 72.0ms | ActiveRecord: 1.0ms)


Started GET "/assets/jquery.js?body=1" for 127.0.0.1 at 2015-09-15 12:39:31 +0100


Started GET "/assets/application.css?body=1" for 127.0.0.1 at 2015-09-15 12:39:31 +0100


Started GET "/assets/scaffolds.css?body=1" for 127.0.0.1 at 2015-09-15 12:39:31 +0100


Started GET "/assets/posts.css?body=1" for 127.0.0.1 at 2015-09-15 12:39:31 +0100


Started GET "/assets/jquery_ujs.js?body=1" for 127.0.0.1 at 2015-09-15 12:39:31 +0100


Started GET "/assets/comments.css?body=1" for 127.0.0.1 at 2015-09-15 12:39:31 +0100


Started GET "/assets/turbolinks.js?body=1" for 127.0.0.1 at 2015-09-15 12:39:31 +0100


Started GET "/assets/comments.js?body=1" for 127.0.0.1 at 2015-09-15 12:39:31 +0100


Started GET "/assets/application.js?body=1" for 127.0.0.1 at 2015-09-15 12:39:31 +0100


Started GET "/assets/posts.js?body=1" for 127.0.0.1 at 2015-09-15 12:39:31 +0100


Started POST "/posts/1/comments" for 127.0.0.1 at 2015-09-15 12:40:14 +0100
Processing by CommentsController#create as HTML
  Parameters: {"utf8"=>"✓", "authenticity_token"=>"683YJ1pX4ggChj2M5HJBrMlAfyUe6ctHG0/BcmX6O/I=", "comment"=>{"body"=>"Test comment 2"}, "commit"=>"Submit", "post_id"=>"1"}
  [1m[36mPost Load (1.0ms)[0m  [1mSELECT  "posts".* FROM "posts"  WHERE "posts"."id" = ? LIMIT 1[0m  [["id", 1]]
  [1m[35mUser Load (0.0ms)[0m  SELECT  "users".* FROM "users"  WHERE "users"."id" = 2  ORDER BY "users"."id" ASC LIMIT 1
  [1m[36m (0.0ms)[0m  [1mbegin transaction[0m
  [1m[35mSQL (1.0ms)[0m  INSERT INTO "comments" ("body", "created_at", "post_id", "updated_at") VALUES (?, ?, ?, ?)  [["body", "Test comment 2"], ["created_at", "2015-09-15 11:40:15.008781"], ["post_id", 1], ["updated_at", "2015-09-15 11:40:15.008781"]]
  [1m[36m (11.0ms)[0m  [1mcommit transaction[0m
Redirected to http://localhost:3000/posts/1
Completed 302 Found in 45ms (ActiveRecord: 15.0ms)


Started GET "/posts/1" for 127.0.0.1 at 2015-09-15 12:40:15 +0100
Processing by PostsController#show as HTML
  Parameters: {"id"=>"1"}
  [1m[35mPost Load (1.0ms)[0m  SELECT  "posts".* FROM "posts"  WHERE "posts"."id" = ? LIMIT 1  [["id", 1]]
  [1m[36mComment Load (0.0ms)[0m  [1mSELECT "comments".* FROM "comments"  WHERE "comments"."post_id" = ?[0m  [["post_id", 1]]
  Rendered posts/show.html.erb within layouts/application (4.0ms)
Completed 200 OK in 68ms (Views: 64.8ms | ActiveRecord: 1.0ms)


Started GET "/assets/comments.css?body=1" for 127.0.0.1 at 2015-09-15 12:40:15 +0100


Started GET "/assets/posts.css?body=1" for 127.0.0.1 at 2015-09-15 12:40:15 +0100


Started GET "/assets/scaffolds.css?body=1" for 127.0.0.1 at 2015-09-15 12:40:15 +0100


Started GET "/assets/application.css?body=1" for 127.0.0.1 at 2015-09-15 12:40:15 +0100


Started GET "/assets/jquery_ujs.js?body=1" for 127.0.0.1 at 2015-09-15 12:40:15 +0100


Started GET "/assets/jquery.js?body=1" for 127.0.0.1 at 2015-09-15 12:40:15 +0100


Started GET "/assets/turbolinks.js?body=1" for 127.0.0.1 at 2015-09-15 12:40:15 +0100


Started GET "/assets/comments.js?body=1" for 127.0.0.1 at 2015-09-15 12:40:15 +0100


Started GET "/assets/posts.js?body=1" for 127.0.0.1 at 2015-09-15 12:40:15 +0100


Started GET "/assets/application.js?body=1" for 127.0.0.1 at 2015-09-15 12:40:15 +0100


Started GET "/posts/1" for 127.0.0.1 at 2015-09-15 12:40:44 +0100
Processing by PostsController#show as HTML
  Parameters: {"id"=>"1"}
  [1m[35mPost Load (0.0ms)[0m  SELECT  "posts".* FROM "posts"  WHERE "posts"."id" = ? LIMIT 1  [["id", 1]]
  [1m[36mComment Load (1.0ms)[0m  [1mSELECT "comments".* FROM "comments"  WHERE "comments"."post_id" = ?[0m  [["post_id", 1]]
  Rendered posts/show.html.erb within layouts/application (5.0ms)
Completed 200 OK in 69ms (Views: 67.0ms | ActiveRecord: 1.0ms)


Started GET "/assets/posts.css?body=1" for 127.0.0.1 at 2015-09-15 12:40:44 +0100


Started GET "/assets/comments.css?body=1" for 127.0.0.1 at 2015-09-15 12:40:44 +0100


Started GET "/assets/scaffolds.css?body=1" for 127.0.0.1 at 2015-09-15 12:40:44 +0100


Started GET "/assets/application.css?body=1" for 127.0.0.1 at 2015-09-15 12:40:44 +0100


Started GET "/assets/jquery.js?body=1" for 127.0.0.1 at 2015-09-15 12:40:44 +0100


Started GET "/assets/jquery_ujs.js?body=1" for 127.0.0.1 at 2015-09-15 12:40:44 +0100


Started GET "/assets/turbolinks.js?body=1" for 127.0.0.1 at 2015-09-15 12:40:44 +0100


Started GET "/assets/comments.js?body=1" for 127.0.0.1 at 2015-09-15 12:40:44 +0100


Started GET "/assets/posts.js?body=1" for 127.0.0.1 at 2015-09-15 12:40:44 +0100


Started GET "/assets/application.js?body=1" for 127.0.0.1 at 2015-09-15 12:40:44 +0100


Started GET "/posts/1" for 127.0.0.1 at 2015-09-15 12:41:41 +0100
Processing by PostsController#show as HTML
  Parameters: {"id"=>"1"}
  [1m[35mPost Load (0.0ms)[0m  SELECT  "posts".* FROM "posts"  WHERE "posts"."id" = ? LIMIT 1  [["id", 1]]
  [1m[36mComment Load (1.0ms)[0m  [1mSELECT "comments".* FROM "comments"  WHERE "comments"."post_id" = ?[0m  [["post_id", 1]]
  Rendered posts/show.html.erb within layouts/application (8.0ms)
Completed 200 OK in 98ms (Views: 90.1ms | ActiveRecord: 1.0ms)


Started GET "/assets/posts.css?body=1" for 127.0.0.1 at 2015-09-15 12:41:41 +0100


Started GET "/assets/comments.css?body=1" for 127.0.0.1 at 2015-09-15 12:41:41 +0100


Started GET "/assets/scaffolds.css?body=1" for 127.0.0.1 at 2015-09-15 12:41:41 +0100


Started GET "/assets/application.css?body=1" for 127.0.0.1 at 2015-09-15 12:41:41 +0100


Started GET "/assets/jquery.js?body=1" for 127.0.0.1 at 2015-09-15 12:41:41 +0100


Started GET "/assets/jquery_ujs.js?body=1" for 127.0.0.1 at 2015-09-15 12:41:41 +0100


Started GET "/assets/turbolinks.js?body=1" for 127.0.0.1 at 2015-09-15 12:41:42 +0100


Started GET "/assets/comments.js?body=1" for 127.0.0.1 at 2015-09-15 12:41:42 +0100


Started GET "/assets/posts.js?body=1" for 127.0.0.1 at 2015-09-15 12:41:42 +0100


Started GET "/assets/application.js?body=1" for 127.0.0.1 at 2015-09-15 12:41:42 +0100


Started POST "/posts/1/comments" for 127.0.0.1 at 2015-09-15 12:42:09 +0100
Processing by CommentsController#create as HTML
  Parameters: {"utf8"=>"✓", "authenticity_token"=>"683YJ1pX4ggChj2M5HJBrMlAfyUe6ctHG0/BcmX6O/I=", "comment"=>{"body"=>"Test comment 3"}, "commit"=>"Submit", "post_id"=>"1"}
  [1m[35mPost Load (0.0ms)[0m  SELECT  "posts".* FROM "posts"  WHERE "posts"."id" = ? LIMIT 1  [["id", 1]]
  [1m[36mUser Load (0.0ms)[0m  [1mSELECT  "users".* FROM "users"  WHERE "users"."id" = 2  ORDER BY "users"."id" ASC LIMIT 1[0m
  [1m[35m (0.0ms)[0m  begin transaction
  [1m[36mSQL (0.0ms)[0m  [1mINSERT INTO "comments" ("body", "created_at", "post_id", "updated_at") VALUES (?, ?, ?, ?)[0m  [["body", "Test comment 3"], ["created_at", "2015-09-15 11:42:09.445177"], ["post_id", 1], ["updated_at", "2015-09-15 11:42:09.445177"]]
  [1m[35m (7.0ms)[0m  commit transaction
Redirected to http://localhost:3000/posts/1
Completed 302 Found in 18ms (ActiveRecord: 7.0ms)


Started GET "/posts/1" for 127.0.0.1 at 2015-09-15 12:42:09 +0100
Processing by PostsController#show as HTML
  Parameters: {"id"=>"1"}
  [1m[36mPost Load (1.0ms)[0m  [1mSELECT  "posts".* FROM "posts"  WHERE "posts"."id" = ? LIMIT 1[0m  [["id", 1]]
  [1m[35mComment Load (1.0ms)[0m  SELECT "comments".* FROM "comments"  WHERE "comments"."post_id" = ?  [["post_id", 1]]
  Rendered posts/show.html.erb within layouts/application (5.0ms)
Completed 200 OK in 71ms (Views: 68.0ms | ActiveRecord: 2.0ms)


Started GET "/assets/comments.css?body=1" for 127.0.0.1 at 2015-09-15 12:42:09 +0100


Started GET "/assets/posts.css?body=1" for 127.0.0.1 at 2015-09-15 12:42:09 +0100


Started GET "/assets/scaffolds.css?body=1" for 127.0.0.1 at 2015-09-15 12:42:09 +0100


Started GET "/assets/application.css?body=1" for 127.0.0.1 at 2015-09-15 12:42:09 +0100


Started GET "/assets/jquery.js?body=1" for 127.0.0.1 at 2015-09-15 12:42:09 +0100


Started GET "/assets/jquery_ujs.js?body=1" for 127.0.0.1 at 2015-09-15 12:42:09 +0100


Started GET "/assets/turbolinks.js?body=1" for 127.0.0.1 at 2015-09-15 12:42:09 +0100


Started GET "/assets/comments.js?body=1" for 127.0.0.1 at 2015-09-15 12:42:09 +0100


Started GET "/assets/posts.js?body=1" for 127.0.0.1 at 2015-09-15 12:42:09 +0100


Started GET "/assets/application.js?body=1" for 127.0.0.1 at 2015-09-15 12:42:09 +0100


Started GET "/posts" for 127.0.0.1 at 2015-09-15 12:42:15 +0100
Processing by PostsController#index as HTML
  [1m[36mPost Load (0.0ms)[0m  [1mSELECT "posts".* FROM "posts"[0m
  Rendered posts/index.html.haml within layouts/application (3.0ms)
Completed 200 OK in 61ms (Views: 60.0ms | ActiveRecord: 0.0ms)


Started GET "/" for 127.0.0.1 at 2015-09-15 12:42:19 +0100
Processing by WelcomeController#index as HTML
  [1m[35mUser Load (1.0ms)[0m  SELECT  "users".* FROM "users"  WHERE "users"."id" = 2  ORDER BY "users"."id" ASC LIMIT 1
  Rendered welcome/index.html.haml within layouts/application (6.0ms)
Completed 200 OK in 64ms (Views: 63.0ms | ActiveRecord: 1.0ms)


Started DELETE "/users/sign_out" for 127.0.0.1 at 2015-09-15 12:42:22 +0100
Processing by Devise::SessionsController#destroy as HTML
  Parameters: {"authenticity_token"=>"683YJ1pX4ggChj2M5HJBrMlAfyUe6ctHG0/BcmX6O/I="}
  [1m[36mUser Load (0.0ms)[0m  [1mSELECT  "users".* FROM "users"  WHERE "users"."id" = 2  ORDER BY "users"."id" ASC LIMIT 1[0m
  [1m[35m (0.0ms)[0m  begin transaction
  [1m[36m (0.0ms)[0m  [1mcommit transaction[0m
Redirected to http://localhost:3000/
Completed 302 Found in 15ms (ActiveRecord: 0.0ms)


Started GET "/" for 127.0.0.1 at 2015-09-15 12:42:23 +0100
Processing by WelcomeController#index as HTML
  Rendered welcome/index.html.haml within layouts/application (1.0ms)
Completed 200 OK in 67ms (Views: 66.0ms | ActiveRecord: 0.0ms)


Started GET "/assets/application.css?body=1" for 127.0.0.1 at 2015-09-15 12:42:23 +0100


Started GET "/assets/jquery_ujs.js?body=1" for 127.0.0.1 at 2015-09-15 12:42:23 +0100


Started GET "/assets/posts.css?body=1" for 127.0.0.1 at 2015-09-15 12:42:23 +0100


Started GET "/assets/jquery.js?body=1" for 127.0.0.1 at 2015-09-15 12:42:23 +0100


Started GET "/assets/scaffolds.css?body=1" for 127.0.0.1 at 2015-09-15 12:42:23 +0100


Started GET "/assets/comments.css?body=1" for 127.0.0.1 at 2015-09-15 12:42:23 +0100


Started GET "/assets/comments.js?body=1" for 127.0.0.1 at 2015-09-15 12:42:23 +0100


Started GET "/assets/turbolinks.js?body=1" for 127.0.0.1 at 2015-09-15 12:42:23 +0100


Started GET "/assets/posts.js?body=1" for 127.0.0.1 at 2015-09-15 12:42:23 +0100


Started GET "/assets/application.js?body=1" for 127.0.0.1 at 2015-09-15 12:42:23 +0100


Started GET "/posts" for 127.0.0.1 at 2015-09-15 12:42:26 +0100
Processing by PostsController#index as HTML
  [1m[35mPost Load (0.0ms)[0m  SELECT "posts".* FROM "posts"
  Rendered posts/index.html.haml within layouts/application (2.0ms)
Completed 200 OK in 60ms (Views: 60.0ms | ActiveRecord: 0.0ms)


Started GET "/posts/1" for 127.0.0.1 at 2015-09-15 12:42:27 +0100
Processing by PostsController#show as HTML
  Parameters: {"id"=>"1"}
  [1m[36mPost Load (0.0ms)[0m  [1mSELECT  "posts".* FROM "posts"  WHERE "posts"."id" = ? LIMIT 1[0m  [["id", 1]]
  [1m[35mComment Load (1.0ms)[0m  SELECT "comments".* FROM "comments"  WHERE "comments"."post_id" = ?  [["post_id", 1]]
  Rendered posts/show.html.erb within layouts/application (9.0ms)
Completed 200 OK in 67ms (Views: 64.1ms | ActiveRecord: 1.0ms)


Started POST "/posts/1/comments" for 127.0.0.1 at 2015-09-15 12:42:34 +0100
Processing by CommentsController#create as HTML
  Parameters: {"utf8"=>"✓", "authenticity_token"=>"CYOicgVi3wGuRlFTrTXHQMXMp1jRvkJT9Vgak5VrLcw=", "comment"=>{"body"=>"Test"}, "commit"=>"Submit", "post_id"=>"1"}
  [1m[36mPost Load (0.0ms)[0m  [1mSELECT  "posts".* FROM "posts"  WHERE "posts"."id" = ? LIMIT 1[0m  [["id", 1]]
Redirected to http://localhost:3000/posts/1
Completed 302 Found in 3ms (ActiveRecord: 0.0ms)


Started GET "/posts/1" for 127.0.0.1 at 2015-09-15 12:42:34 +0100
Processing by PostsController#show as HTML
  Parameters: {"id"=>"1"}
  [1m[35mPost Load (1.0ms)[0m  SELECT  "posts".* FROM "posts"  WHERE "posts"."id" = ? LIMIT 1  [["id", 1]]
  [1m[36mComment Load (0.0ms)[0m  [1mSELECT "comments".* FROM "comments"  WHERE "comments"."post_id" = ?[0m  [["post_id", 1]]
  Rendered posts/show.html.erb within layouts/application (3.0ms)
Completed 200 OK in 74ms (Views: 71.0ms | ActiveRecord: 1.0ms)


Started GET "/assets/posts.css?body=1" for 127.0.0.1 at 2015-09-15 12:42:34 +0100


Started GET "/assets/scaffolds.css?body=1" for 127.0.0.1 at 2015-09-15 12:42:34 +0100


Started GET "/assets/jquery.js?body=1" for 127.0.0.1 at 2015-09-15 12:42:34 +0100


Started GET "/assets/jquery_ujs.js?body=1" for 127.0.0.1 at 2015-09-15 12:42:34 +0100


Started GET "/assets/comments.css?body=1" for 127.0.0.1 at 2015-09-15 12:42:34 +0100


Started GET "/assets/application.css?body=1" for 127.0.0.1 at 2015-09-15 12:42:34 +0100


Started GET "/assets/turbolinks.js?body=1" for 127.0.0.1 at 2015-09-15 12:42:34 +0100


Started GET "/assets/comments.js?body=1" for 127.0.0.1 at 2015-09-15 12:42:34 +0100


Started GET "/assets/posts.js?body=1" for 127.0.0.1 at 2015-09-15 12:42:34 +0100


Started GET "/assets/application.js?body=1" for 127.0.0.1 at 2015-09-15 12:42:34 +0100


Started GET "/posts/1" for 127.0.0.1 at 2015-09-15 12:44:32 +0100
Processing by PostsController#show as HTML
  Parameters: {"id"=>"1"}
  [1m[35mPost Load (0.0ms)[0m  SELECT  "posts".* FROM "posts"  WHERE "posts"."id" = ? LIMIT 1  [["id", 1]]
  [1m[36mComment Load (0.0ms)[0m  [1mSELECT "comments".* FROM "comments"  WHERE "comments"."post_id" = ?[0m  [["post_id", 1]]
  Rendered posts/show.html.erb within layouts/application (10.0ms)
Completed 200 OK in 211ms (Views: 205.1ms | ActiveRecord: 0.0ms)


Started GET "/assets/comments.css?body=1" for 127.0.0.1 at 2015-09-15 12:44:33 +0100


Started GET "/assets/scaffolds.css?body=1" for 127.0.0.1 at 2015-09-15 12:44:33 +0100


Started GET "/assets/posts.css?body=1" for 127.0.0.1 at 2015-09-15 12:44:33 +0100


Started GET "/assets/jquery.js?body=1" for 127.0.0.1 at 2015-09-15 12:44:33 +0100


Started GET "/assets/application.css?body=1" for 127.0.0.1 at 2015-09-15 12:44:33 +0100


Started GET "/assets/jquery_ujs.js?body=1" for 127.0.0.1 at 2015-09-15 12:44:33 +0100


Started GET "/assets/turbolinks.js?body=1" for 127.0.0.1 at 2015-09-15 12:44:33 +0100


Started GET "/assets/comments.js?body=1" for 127.0.0.1 at 2015-09-15 12:44:33 +0100


Started GET "/assets/posts.js?body=1" for 127.0.0.1 at 2015-09-15 12:44:33 +0100


Started GET "/assets/application.js?body=1" for 127.0.0.1 at 2015-09-15 12:44:33 +0100


Started GET "/posts" for 127.0.0.1 at 2015-09-15 12:44:38 +0100
Processing by PostsController#index as HTML
  [1m[35mPost Load (1.0ms)[0m  SELECT "posts".* FROM "posts"
  Rendered posts/index.html.haml within layouts/application (2.0ms)
Completed 200 OK in 61ms (Views: 60.0ms | ActiveRecord: 1.0ms)


Started GET "/" for 127.0.0.1 at 2015-09-15 12:44:39 +0100
Processing by WelcomeController#index as HTML
  Rendered welcome/index.html.haml within layouts/application (1.0ms)
Completed 500 Internal Server Error in 5ms

ActionView::Template::Error (Inconsistent indentation: 1 tab used for indentation, but the rest of the document was indented using 4 spaces.):
    1: -if user_signed_in?
    2:     Signed in
    3: -else
    4: 	Signed out
    5: %h2
    6: 	Welcome to our little blog test app
    7: -if !user_signed_in?
  app/views/welcome/index.html.haml:4


  Rendered c:/RailsInstaller/Ruby2.1.0/lib/ruby/gems/2.1.0/gems/actionpack-4.1.9/lib/action_dispatch/middleware/templates/rescues/_trace.html.erb (7.0ms)
  Rendered c:/RailsInstaller/Ruby2.1.0/lib/ruby/gems/2.1.0/gems/actionpack-4.1.9/lib/action_dispatch/middleware/templates/rescues/_request_and_response.html.erb (1.0ms)
  Rendered c:/RailsInstaller/Ruby2.1.0/lib/ruby/gems/2.1.0/gems/actionpack-4.1.9/lib/action_dispatch/middleware/templates/rescues/template_error.html.erb within rescues/layout (29.0ms)


Started GET "/" for 127.0.0.1 at 2015-09-15 12:44:39 +0100
Processing by WelcomeController#index as HTML
  Rendered welcome/index.html.haml within layouts/application (0.0ms)
Completed 500 Internal Server Error in 5ms

ActionView::Template::Error (Inconsistent indentation: 1 tab used for indentation, but the rest of the document was indented using 4 spaces.):
    1: -if user_signed_in?
    2:     Signed in
    3: -else
    4: 	Signed out
    5: %h2
    6: 	Welcome to our little blog test app
    7: -if !user_signed_in?
  app/views/welcome/index.html.haml:4


  Rendered c:/RailsInstaller/Ruby2.1.0/lib/ruby/gems/2.1.0/gems/actionpack-4.1.9/lib/action_dispatch/middleware/templates/rescues/_trace.html.erb (1.0ms)
  Rendered c:/RailsInstaller/Ruby2.1.0/lib/ruby/gems/2.1.0/gems/actionpack-4.1.9/lib/action_dispatch/middleware/templates/rescues/_request_and_response.html.erb (1.0ms)
  Rendered c:/RailsInstaller/Ruby2.1.0/lib/ruby/gems/2.1.0/gems/actionpack-4.1.9/lib/action_dispatch/middleware/templates/rescues/template_error.html.erb within rescues/layout (26.0ms)


Started GET "/" for 127.0.0.1 at 2015-09-15 12:46:04 +0100
Processing by WelcomeController#index as HTML
  Rendered welcome/index.html.haml within layouts/application (4.0ms)
Completed 200 OK in 79ms (Views: 78.0ms | ActiveRecord: 0.0ms)


Started GET "/assets/posts.css?body=1" for 127.0.0.1 at 2015-09-15 12:46:05 +0100


Started GET "/assets/comments.css?body=1" for 127.0.0.1 at 2015-09-15 12:46:05 +0100


Started GET "/assets/scaffolds.css?body=1" for 127.0.0.1 at 2015-09-15 12:46:05 +0100


Started GET "/assets/application.css?body=1" for 127.0.0.1 at 2015-09-15 12:46:05 +0100


Started GET "/assets/jquery.js?body=1" for 127.0.0.1 at 2015-09-15 12:46:05 +0100


Started GET "/assets/jquery_ujs.js?body=1" for 127.0.0.1 at 2015-09-15 12:46:05 +0100


Started GET "/assets/turbolinks.js?body=1" for 127.0.0.1 at 2015-09-15 12:46:05 +0100


Started GET "/assets/comments.js?body=1" for 127.0.0.1 at 2015-09-15 12:46:05 +0100


Started GET "/assets/posts.js?body=1" for 127.0.0.1 at 2015-09-15 12:46:05 +0100


Started GET "/assets/application.js?body=1" for 127.0.0.1 at 2015-09-15 12:46:05 +0100


Started GET "/posts" for 127.0.0.1 at 2015-09-15 12:48:40 +0100
Processing by PostsController#index as HTML
  [1m[36mPost Load (0.0ms)[0m  [1mSELECT "posts".* FROM "posts"[0m
  Rendered posts/index.html.haml within layouts/application (4.0ms)
Completed 200 OK in 72ms (Views: 71.1ms | ActiveRecord: 0.0ms)


Started GET "/posts/1" for 127.0.0.1 at 2015-09-15 12:48:42 +0100
Processing by PostsController#show as HTML
  Parameters: {"id"=>"1"}
  [1m[35mPost Load (0.0ms)[0m  SELECT  "posts".* FROM "posts"  WHERE "posts"."id" = ? LIMIT 1  [["id", 1]]
  [1m[36mComment Load (0.0ms)[0m  [1mSELECT "comments".* FROM "comments"  WHERE "comments"."post_id" = ?[0m  [["post_id", 1]]
  Rendered posts/show.html.erb within layouts/application (5.0ms)
Completed 200 OK in 70ms (Views: 66.0ms | ActiveRecord: 0.0ms)


Started GET "/posts" for 127.0.0.1 at 2015-09-15 12:48:49 +0100
Processing by PostsController#index as HTML
  [1m[35mPost Load (0.0ms)[0m  SELECT "posts".* FROM "posts"
  Rendered posts/index.html.haml within layouts/application (3.0ms)
Completed 200 OK in 67ms (Views: 67.1ms | ActiveRecord: 0.0ms)


Started GET "/" for 127.0.0.1 at 2015-09-15 12:48:50 +0100
Processing by WelcomeController#index as HTML
  Rendered welcome/index.html.haml within layouts/application (2.0ms)
Completed 200 OK in 59ms (Views: 58.1ms | ActiveRecord: 0.0ms)


Started GET "/posts" for 127.0.0.1 at 2015-09-15 12:48:53 +0100
Processing by PostsController#index as HTML
  [1m[36mPost Load (0.5ms)[0m  [1mSELECT "posts".* FROM "posts"[0m
  Rendered posts/index.html.haml within layouts/application (2.5ms)
Completed 200 OK in 67ms (Views: 65.6ms | ActiveRecord: 0.5ms)


Started GET "/posts/1" for 127.0.0.1 at 2015-09-15 12:48:57 +0100
Processing by PostsController#show as HTML
  Parameters: {"id"=>"1"}
  [1m[35mPost Load (0.0ms)[0m  SELECT  "posts".* FROM "posts"  WHERE "posts"."id" = ? LIMIT 1  [["id", 1]]
  [1m[36mComment Load (0.0ms)[0m  [1mSELECT "comments".* FROM "comments"  WHERE "comments"."post_id" = ?[0m  [["post_id", 1]]
  Rendered posts/show.html.erb within layouts/application (4.0ms)
Completed 200 OK in 63ms (Views: 60.0ms | ActiveRecord: 0.0ms)


Started POST "/posts/1/comments" for 127.0.0.1 at 2015-09-15 12:49:00 +0100
Processing by CommentsController#create as HTML
  Parameters: {"utf8"=>"✓", "authenticity_token"=>"CYOicgVi3wGuRlFTrTXHQMXMp1jRvkJT9Vgak5VrLcw=", "comment"=>{"body"=>"fff"}, "commit"=>"Submit", "post_id"=>"1"}
  [1m[35mPost Load (0.0ms)[0m  SELECT  "posts".* FROM "posts"  WHERE "posts"."id" = ? LIMIT 1  [["id", 1]]
Redirected to http://localhost:3000/posts/1
Completed 302 Found in 3ms (ActiveRecord: 0.0ms)


Started GET "/posts/1" for 127.0.0.1 at 2015-09-15 12:49:00 +0100
Processing by PostsController#show as HTML
  Parameters: {"id"=>"1"}
  [1m[36mPost Load (1.0ms)[0m  [1mSELECT  "posts".* FROM "posts"  WHERE "posts"."id" = ? LIMIT 1[0m  [["id", 1]]
  [1m[35mComment Load (0.0ms)[0m  SELECT "comments".* FROM "comments"  WHERE "comments"."post_id" = ?  [["post_id", 1]]
  Rendered posts/show.html.erb within layouts/application (4.0ms)
Completed 200 OK in 69ms (Views: 66.0ms | ActiveRecord: 1.0ms)


Started GET "/assets/posts.css?body=1" for 127.0.0.1 at 2015-09-15 12:49:00 +0100


Started GET "/assets/comments.css?body=1" for 127.0.0.1 at 2015-09-15 12:49:00 +0100


Started GET "/assets/scaffolds.css?body=1" for 127.0.0.1 at 2015-09-15 12:49:00 +0100


Started GET "/assets/application.css?body=1" for 127.0.0.1 at 2015-09-15 12:49:00 +0100


Started GET "/assets/jquery.js?body=1" for 127.0.0.1 at 2015-09-15 12:49:00 +0100


Started GET "/assets/jquery_ujs.js?body=1" for 127.0.0.1 at 2015-09-15 12:49:00 +0100


Started GET "/assets/turbolinks.js?body=1" for 127.0.0.1 at 2015-09-15 12:49:00 +0100


Started GET "/assets/comments.js?body=1" for 127.0.0.1 at 2015-09-15 12:49:00 +0100


Started GET "/assets/posts.js?body=1" for 127.0.0.1 at 2015-09-15 12:49:00 +0100


Started GET "/assets/application.js?body=1" for 127.0.0.1 at 2015-09-15 12:49:00 +0100


Started GET "/posts" for 127.0.0.1 at 2015-09-15 12:49:04 +0100
Processing by PostsController#index as HTML
  [1m[36mPost Load (0.0ms)[0m  [1mSELECT "posts".* FROM "posts"[0m
  Rendered posts/index.html.haml within layouts/application (3.0ms)
Completed 200 OK in 60ms (Views: 59.0ms | ActiveRecord: 0.0ms)


Started GET "/" for 127.0.0.1 at 2015-09-15 12:49:05 +0100
Processing by WelcomeController#index as HTML
  Rendered welcome/index.html.haml within layouts/application (1.0ms)
Completed 200 OK in 62ms (Views: 61.0ms | ActiveRecord: 0.0ms)


Started GET "/users/sign_in" for 127.0.0.1 at 2015-09-15 12:49:08 +0100
Processing by Devise::SessionsController#new as HTML
  Rendered c:/RailsInstaller/Ruby2.1.0/lib/ruby/gems/2.1.0/gems/devise-3.5.2/app/views/devise/shared/_links.html.erb (1.0ms)
  Rendered c:/RailsInstaller/Ruby2.1.0/lib/ruby/gems/2.1.0/gems/devise-3.5.2/app/views/devise/sessions/new.html.erb within layouts/application (17.0ms)
Completed 200 OK in 76ms (Views: 75.0ms | ActiveRecord: 0.0ms)


Started POST "/users/sign_in" for 127.0.0.1 at 2015-09-15 12:49:17 +0100
Processing by Devise::SessionsController#create as HTML
  Parameters: {"utf8"=>"✓", "authenticity_token"=>"CYOicgVi3wGuRlFTrTXHQMXMp1jRvkJT9Vgak5VrLcw=", "user"=>{"email"=>"1@1.com", "password"=>"[FILTERED]", "remember_me"=>"0"}, "commit"=>"Log in"}
  [1m[35mUser Load (0.0ms)[0m  SELECT  "users".* FROM "users"  WHERE "users"."email" = '1@1.com'  ORDER BY "users"."id" ASC LIMIT 1
Completed 401 Unauthorized in 7ms
Processing by Devise::SessionsController#new as HTML
  Parameters: {"utf8"=>"✓", "authenticity_token"=>"CYOicgVi3wGuRlFTrTXHQMXMp1jRvkJT9Vgak5VrLcw=", "user"=>{"email"=>"1@1.com", "password"=>"[FILTERED]", "remember_me"=>"0"}, "commit"=>"Log in"}
  Rendered c:/RailsInstaller/Ruby2.1.0/lib/ruby/gems/2.1.0/gems/devise-3.5.2/app/views/devise/shared/_links.html.erb (1.0ms)
  Rendered c:/RailsInstaller/Ruby2.1.0/lib/ruby/gems/2.1.0/gems/devise-3.5.2/app/views/devise/sessions/new.html.erb within layouts/application (5.0ms)
Completed 200 OK in 170ms (Views: 73.1ms | ActiveRecord: 0.0ms)


Started GET "/assets/comments.css?body=1" for 127.0.0.1 at 2015-09-15 12:49:18 +0100


Started GET "/assets/jquery_ujs.js?body=1" for 127.0.0.1 at 2015-09-15 12:49:18 +0100


Started GET "/assets/jquery.js?body=1" for 127.0.0.1 at 2015-09-15 12:49:18 +0100


Started GET "/assets/scaffolds.css?body=1" for 127.0.0.1 at 2015-09-15 12:49:18 +0100


Started GET "/assets/application.css?body=1" for 127.0.0.1 at 2015-09-15 12:49:18 +0100


Started GET "/assets/posts.css?body=1" for 127.0.0.1 at 2015-09-15 12:49:18 +0100


Started GET "/assets/turbolinks.js?body=1" for 127.0.0.1 at 2015-09-15 12:49:18 +0100


Started GET "/assets/comments.js?body=1" for 127.0.0.1 at 2015-09-15 12:49:18 +0100


Started GET "/assets/posts.js?body=1" for 127.0.0.1 at 2015-09-15 12:49:18 +0100


Started GET "/assets/application.js?body=1" for 127.0.0.1 at 2015-09-15 12:49:18 +0100


Started POST "/users/sign_in" for 127.0.0.1 at 2015-09-15 12:49:36 +0100
Processing by Devise::SessionsController#create as HTML
  Parameters: {"utf8"=>"✓", "authenticity_token"=>"CYOicgVi3wGuRlFTrTXHQMXMp1jRvkJT9Vgak5VrLcw=", "user"=>{"email"=>"test@test.com", "password"=>"[FILTERED]", "remember_me"=>"0"}, "commit"=>"Log in"}
  [1m[36mUser Load (0.0ms)[0m  [1mSELECT  "users".* FROM "users"  WHERE "users"."email" = 'test@test.com'  ORDER BY "users"."id" ASC LIMIT 1[0m
  [1m[35m (0.0ms)[0m  begin transaction
  [1m[36mSQL (1.0ms)[0m  [1mUPDATE "users" SET "current_sign_in_at" = ?, "sign_in_count" = ?, "updated_at" = ? WHERE "users"."id" = 2[0m  [["current_sign_in_at", "2015-09-15 11:49:36.480296"], ["sign_in_count", 2], ["updated_at", "2015-09-15 11:49:36.482286"]]
  [1m[35m (9.0ms)[0m  commit transaction
Redirected to http://localhost:3000/
Completed 302 Found in 114ms (ActiveRecord: 10.0ms)


Started GET "/" for 127.0.0.1 at 2015-09-15 12:49:36 +0100
Processing by WelcomeController#index as HTML
  [1m[36mUser Load (1.0ms)[0m  [1mSELECT  "users".* FROM "users"  WHERE "users"."id" = 2  ORDER BY "users"."id" ASC LIMIT 1[0m
  Rendered welcome/index.html.haml within layouts/application (3.0ms)
Completed 200 OK in 62ms (Views: 60.0ms | ActiveRecord: 1.0ms)


Started GET "/assets/comments.css?body=1" for 127.0.0.1 at 2015-09-15 12:49:36 +0100


Started GET "/assets/posts.css?body=1" for 127.0.0.1 at 2015-09-15 12:49:36 +0100


Started GET "/assets/application.css?body=1" for 127.0.0.1 at 2015-09-15 12:49:36 +0100


Started GET "/assets/jquery.js?body=1" for 127.0.0.1 at 2015-09-15 12:49:36 +0100


Started GET "/assets/jquery_ujs.js?body=1" for 127.0.0.1 at 2015-09-15 12:49:36 +0100


Started GET "/assets/scaffolds.css?body=1" for 127.0.0.1 at 2015-09-15 12:49:36 +0100


Started GET "/assets/turbolinks.js?body=1" for 127.0.0.1 at 2015-09-15 12:49:36 +0100


Started GET "/assets/comments.js?body=1" for 127.0.0.1 at 2015-09-15 12:49:36 +0100


Started GET "/assets/posts.js?body=1" for 127.0.0.1 at 2015-09-15 12:49:36 +0100


Started GET "/assets/application.js?body=1" for 127.0.0.1 at 2015-09-15 12:49:36 +0100


Started GET "/posts" for 127.0.0.1 at 2015-09-15 12:49:41 +0100
Processing by PostsController#index as HTML
  [1m[35mPost Load (0.0ms)[0m  SELECT "posts".* FROM "posts"
  Rendered posts/index.html.haml within layouts/application (2.0ms)
Completed 200 OK in 60ms (Views: 60.0ms | ActiveRecord: 0.0ms)


Started GET "/posts/1" for 127.0.0.1 at 2015-09-15 12:49:42 +0100
Processing by PostsController#show as HTML
  Parameters: {"id"=>"1"}
  [1m[36mPost Load (0.0ms)[0m  [1mSELECT  "posts".* FROM "posts"  WHERE "posts"."id" = ? LIMIT 1[0m  [["id", 1]]
  [1m[35mComment Load (0.0ms)[0m  SELECT "comments".* FROM "comments"  WHERE "comments"."post_id" = ?  [["post_id", 1]]
  Rendered posts/show.html.erb within layouts/application (4.0ms)
Completed 200 OK in 70ms (Views: 68.0ms | ActiveRecord: 0.0ms)


Started POST "/posts/1/comments" for 127.0.0.1 at 2015-09-15 12:49:53 +0100
Processing by CommentsController#create as HTML
  Parameters: {"utf8"=>"✓", "authenticity_token"=>"ZZb9OO9MVtqkF37VjOaGM4ecLj9P3f/Ps7Lo16Vs3+w=", "comment"=>{"body"=>"Test comment 4"}, "commit"=>"Submit", "post_id"=>"1"}
  [1m[36mPost Load (1.0ms)[0m  [1mSELECT  "posts".* FROM "posts"  WHERE "posts"."id" = ? LIMIT 1[0m  [["id", 1]]
  [1m[35mUser Load (0.0ms)[0m  SELECT  "users".* FROM "users"  WHERE "users"."id" = 2  ORDER BY "users"."id" ASC LIMIT 1
  [1m[36m (0.0ms)[0m  [1mbegin transaction[0m
  [1m[35mSQL (1.0ms)[0m  INSERT INTO "comments" ("body", "created_at", "post_id", "updated_at") VALUES (?, ?, ?, ?)  [["body", "Test comment 4"], ["created_at", "2015-09-15 11:49:53.779789"], ["post_id", 1], ["updated_at", "2015-09-15 11:49:53.779789"]]
  [1m[36m (11.0ms)[0m  [1mcommit transaction[0m
Redirected to http://localhost:3000/posts/1
Completed 302 Found in 20ms (ActiveRecord: 13.0ms)


Started GET "/posts/1" for 127.0.0.1 at 2015-09-15 12:49:53 +0100
Processing by PostsController#show as HTML
  Parameters: {"id"=>"1"}
  [1m[35mPost Load (1.0ms)[0m  SELECT  "posts".* FROM "posts"  WHERE "posts"."id" = ? LIMIT 1  [["id", 1]]
  [1m[36mComment Load (0.0ms)[0m  [1mSELECT "comments".* FROM "comments"  WHERE "comments"."post_id" = ?[0m  [["post_id", 1]]
  Rendered posts/show.html.erb within layouts/application (4.0ms)
Completed 200 OK in 74ms (Views: 72.0ms | ActiveRecord: 1.0ms)


Started POST "/posts/1/comments" for 127.0.0.1 at 2015-09-15 12:49:53 +0100
Processing by CommentsController#create as HTML
  Parameters: {"utf8"=>"✓", "authenticity_token"=>"ZZb9OO9MVtqkF37VjOaGM4ecLj9P3f/Ps7Lo16Vs3+w=", "comment"=>{"body"=>"Test comment 4"}, "commit"=>"Submit", "post_id"=>"1"}
  [1m[35mPost Load (0.0ms)[0m  SELECT  "posts".* FROM "posts"  WHERE "posts"."id" = ? LIMIT 1  [["id", 1]]
  [1m[36mUser Load (1.0ms)[0m  [1mSELECT  "users".* FROM "users"  WHERE "users"."id" = 2  ORDER BY "users"."id" ASC LIMIT 1[0m
  [1m[35m (0.0ms)[0m  begin transaction
  [1m[36mSQL (1.0ms)[0m  [1mINSERT INTO "comments" ("body", "created_at", "post_id", "updated_at") VALUES (?, ?, ?, ?)[0m  [["body", "Test comment 4"], ["created_at", "2015-09-15 11:49:53.903939"], ["post_id", 1], ["updated_at", "2015-09-15 11:49:53.903939"]]
  [1m[35m (9.0ms)[0m  commit transaction
Redirected to http://localhost:3000/posts/1
Completed 302 Found in 19ms (ActiveRecord: 11.0ms)


Started GET "/posts/1" for 127.0.0.1 at 2015-09-15 12:49:53 +0100
Processing by PostsController#show as HTML
  Parameters: {"id"=>"1"}
  [1m[36mPost Load (0.0ms)[0m  [1mSELECT  "posts".* FROM "posts"  WHERE "posts"."id" = ? LIMIT 1[0m  [["id", 1]]
  [1m[35mComment Load (1.0ms)[0m  SELECT "comments".* FROM "comments"  WHERE "comments"."post_id" = ?  [["post_id", 1]]
  Rendered posts/show.html.erb within layouts/application (4.0ms)
Completed 200 OK in 69ms (Views: 66.0ms | ActiveRecord: 1.0ms)


Started GET "/assets/comments.css?body=1" for 127.0.0.1 at 2015-09-15 12:49:54 +0100


Started GET "/assets/jquery.js?body=1" for 127.0.0.1 at 2015-09-15 12:49:54 +0100


Started GET "/assets/scaffolds.css?body=1" for 127.0.0.1 at 2015-09-15 12:49:54 +0100


Started GET "/assets/application.css?body=1" for 127.0.0.1 at 2015-09-15 12:49:54 +0100


Started GET "/assets/posts.css?body=1" for 127.0.0.1 at 2015-09-15 12:49:54 +0100


Started GET "/assets/jquery_ujs.js?body=1" for 127.0.0.1 at 2015-09-15 12:49:54 +0100


Started GET "/assets/turbolinks.js?body=1" for 127.0.0.1 at 2015-09-15 12:49:54 +0100


Started GET "/assets/comments.js?body=1" for 127.0.0.1 at 2015-09-15 12:49:54 +0100


Started GET "/assets/posts.js?body=1" for 127.0.0.1 at 2015-09-15 12:49:54 +0100


Started GET "/assets/application.js?body=1" for 127.0.0.1 at 2015-09-15 12:49:54 +0100


Started GET "/posts" for 127.0.0.1 at 2015-09-15 12:50:10 +0100
Processing by PostsController#index as HTML
  [1m[36mPost Load (0.0ms)[0m  [1mSELECT "posts".* FROM "posts"[0m
  Rendered posts/index.html.haml within layouts/application (3.0ms)
Completed 200 OK in 59ms (Views: 59.1ms | ActiveRecord: 0.0ms)


Started GET "/" for 127.0.0.1 at 2015-09-15 12:50:12 +0100
Processing by WelcomeController#index as HTML
  [1m[35mUser Load (1.0ms)[0m  SELECT  "users".* FROM "users"  WHERE "users"."id" = 2  ORDER BY "users"."id" ASC LIMIT 1
  Rendered welcome/index.html.haml within layouts/application (3.0ms)
Completed 200 OK in 65ms (Views: 63.0ms | ActiveRecord: 1.0ms)
